[0.006s] Invoking command in '/home/test_ws/build/test_pkg': AMENT_PREFIX_PATH=/home/test_ws/install/test_a_msgs:${AMENT_PREFIX_PATH} CMAKE_PREFIX_PATH=/home/test_ws/install/test_a_msgs:/opt/ros/humble LD_LIBRARY_PATH=/home/test_ws/install/test_a_msgs/lib:${LD_LIBRARY_PATH} PYTHONPATH=/home/test_ws/install/test_a_msgs/local/lib/python3.10/dist-packages:${PYTHONPATH} /usr/bin/cmake /home/test_ws/src/test_pkg -DCMAKE_INSTALL_PREFIX=/home/test_ws/install/test_pkg
[0.044s] -- The C compiler identification is GNU 11.4.0
[0.083s] -- The CXX compiler identification is GNU 11.4.0
[0.091s] -- Detecting C compiler ABI info
[0.137s] -- Detecting C compiler ABI info - done
[0.142s] -- Check for working C compiler: /usr/bin/cc - skipped
[0.142s] -- Detecting C compile features
[0.142s] -- Detecting C compile features - done
[0.145s] -- Detecting CXX compiler ABI info
[0.197s] -- Detecting CXX compiler ABI info - done
[0.202s] -- Check for working CXX compiler: /usr/bin/c++ - skipped
[0.202s] -- Detecting CXX compile features
[0.202s] -- Detecting CXX compile features - done
[0.204s] -- Found ament_cmake: 1.3.9 (/opt/ros/humble/share/ament_cmake/cmake)
[0.290s] -- Found Python3: /usr/bin/python3 (found version "3.10.12") found components: Interpreter 
[0.344s] -- Found test_a_msgs: 0.0.1 (/home/test_ws/install/test_a_msgs/share/test_a_msgs/cmake)
[0.363s] -- Found rosidl_generator_c: 3.1.5 (/opt/ros/humble/share/rosidl_generator_c/cmake)
[0.365s] -- Found rosidl_adapter: 3.1.5 (/opt/ros/humble/share/rosidl_adapter/cmake)
[0.371s] -- Found rosidl_generator_cpp: 3.1.5 (/opt/ros/humble/share/rosidl_generator_cpp/cmake)
[0.379s] -- Using all available rosidl_typesupport_c: rosidl_typesupport_fastrtps_c;rosidl_typesupport_introspection_c
[0.392s] -- Using all available rosidl_typesupport_cpp: rosidl_typesupport_fastrtps_cpp;rosidl_typesupport_introspection_cpp
[0.515s] -- Configuring done
[0.520s] -- Generating done
[0.521s] -- Build files have been written to: /home/test_ws/build/test_pkg
[0.527s] Invoked command in '/home/test_ws/build/test_pkg' returned '0': AMENT_PREFIX_PATH=/home/test_ws/install/test_a_msgs:${AMENT_PREFIX_PATH} CMAKE_PREFIX_PATH=/home/test_ws/install/test_a_msgs:/opt/ros/humble LD_LIBRARY_PATH=/home/test_ws/install/test_a_msgs/lib:${LD_LIBRARY_PATH} PYTHONPATH=/home/test_ws/install/test_a_msgs/local/lib/python3.10/dist-packages:${PYTHONPATH} /usr/bin/cmake /home/test_ws/src/test_pkg -DCMAKE_INSTALL_PREFIX=/home/test_ws/install/test_pkg
[0.527s] Invoking command in '/home/test_ws/build/test_pkg': AMENT_PREFIX_PATH=/home/test_ws/install/test_a_msgs:${AMENT_PREFIX_PATH} CMAKE_PREFIX_PATH=/home/test_ws/install/test_a_msgs:/opt/ros/humble LD_LIBRARY_PATH=/home/test_ws/install/test_a_msgs/lib:${LD_LIBRARY_PATH} PYTHONPATH=/home/test_ws/install/test_a_msgs/local/lib/python3.10/dist-packages:${PYTHONPATH} /usr/bin/cmake --build /home/test_ws/build/test_pkg -- -j12 -l12
[0.557s] [ 50%] [32mBuilding CXX object CMakeFiles/test_node.dir/src/test_node.cpp.o[0m
[0.562s] [01m[K/home/test_ws/src/test_pkg/src/test_node.cpp:1:10:[m[K [01;31m[Kfatal error: [m[Krclcpp/rclcpp.hpp: No such file or directory
[0.562s]     1 | #include [01;31m[K<rclcpp/rclcpp.hpp>[m[K
[0.562s]       |          [01;31m[K^~~~~~~~~~~~~~~~~~~[m[K
[0.562s] compilation terminated.
[0.562s] gmake[2]: *** [CMakeFiles/test_node.dir/build.make:76: CMakeFiles/test_node.dir/src/test_node.cpp.o] Error 1
[0.563s] gmake[1]: *** [CMakeFiles/Makefile2:137: CMakeFiles/test_node.dir/all] Error 2
[0.563s] gmake: *** [Makefile:146: all] Error 2
[0.566s] Invoked command in '/home/test_ws/build/test_pkg' returned '2': AMENT_PREFIX_PATH=/home/test_ws/install/test_a_msgs:${AMENT_PREFIX_PATH} CMAKE_PREFIX_PATH=/home/test_ws/install/test_a_msgs:/opt/ros/humble LD_LIBRARY_PATH=/home/test_ws/install/test_a_msgs/lib:${LD_LIBRARY_PATH} PYTHONPATH=/home/test_ws/install/test_a_msgs/local/lib/python3.10/dist-packages:${PYTHONPATH} /usr/bin/cmake --build /home/test_ws/build/test_pkg -- -j12 -l12
