[0.000000] (-) TimerEvent: {}
[0.000137] (test_a_msgs) JobQueued: {'identifier': 'test_a_msgs', 'dependencies': OrderedDict()}
[0.000157] (test_pkg) JobQueued: {'identifier': 'test_pkg', 'dependencies': OrderedDict([('test_a_msgs', '/home/test_ws/install/test_a_msgs')])}
[0.000173] (test_a_msgs) JobStarted: {'identifier': 'test_a_msgs'}
[0.004828] (test_a_msgs) JobProgress: {'identifier': 'test_a_msgs', 'progress': 'cmake'}
[0.005298] (test_a_msgs) JobProgress: {'identifier': 'test_a_msgs', 'progress': 'build'}
[0.005690] (test_a_msgs) Command: {'cmd': ['/usr/bin/cmake', '--build', '/home/test_ws/build/test_a_msgs', '--', '-j12', '-l12'], 'cwd': '/home/test_ws/build/test_a_msgs', 'env': OrderedDict([('LESSOPEN', '| /usr/bin/lesspipe %s'), ('HOSTNAME', 'mochi'), ('SHLVL', '1'), ('LD_LIBRARY_PATH', '/opt/ros/humble/lib/x86_64-linux-gnu:/opt/ros/humble/lib'), ('HOME', '/root'), ('ROS_PYTHON_VERSION', '3'), ('LC_CTYPE', 'C.UTF-8'), ('ROS_DISTRO', 'humble'), ('_', '/usr/bin/colcon'), ('ROS_VERSION', '2'), ('TERM', 'xterm'), ('ROS_LOCALHOST_ONLY', '0'), ('QT_X11_NO_MITSHM', '1'), ('PATH', '/opt/ros/humble/bin:/usr/local/sbin:/usr/local/bin:/usr/sbin:/usr/bin:/sbin:/bin'), ('DISPLAY', ':1'), ('LS_COLORS', 'rs=0:di=01;34:ln=01;36:mh=00:pi=40;33:so=01;35:do=01;35:bd=40;33;01:cd=40;33;01:or=40;31;01:mi=00:su=37;41:sg=30;43:ca=30;41:tw=30;42:ow=34;42:st=37;44:ex=01;32:*.tar=01;31:*.tgz=01;31:*.arc=01;31:*.arj=01;31:*.taz=01;31:*.lha=01;31:*.lz4=01;31:*.lzh=01;31:*.lzma=01;31:*.tlz=01;31:*.txz=01;31:*.tzo=01;31:*.t7z=01;31:*.zip=01;31:*.z=01;31:*.dz=01;31:*.gz=01;31:*.lrz=01;31:*.lz=01;31:*.lzo=01;31:*.xz=01;31:*.zst=01;31:*.tzst=01;31:*.bz2=01;31:*.bz=01;31:*.tbz=01;31:*.tbz2=01;31:*.tz=01;31:*.deb=01;31:*.rpm=01;31:*.jar=01;31:*.war=01;31:*.ear=01;31:*.sar=01;31:*.rar=01;31:*.alz=01;31:*.ace=01;31:*.zoo=01;31:*.cpio=01;31:*.7z=01;31:*.rz=01;31:*.cab=01;31:*.wim=01;31:*.swm=01;31:*.dwm=01;31:*.esd=01;31:*.jpg=01;35:*.jpeg=01;35:*.mjpg=01;35:*.mjpeg=01;35:*.gif=01;35:*.bmp=01;35:*.pbm=01;35:*.pgm=01;35:*.ppm=01;35:*.tga=01;35:*.xbm=01;35:*.xpm=01;35:*.tif=01;35:*.tiff=01;35:*.png=01;35:*.svg=01;35:*.svgz=01;35:*.mng=01;35:*.pcx=01;35:*.mov=01;35:*.mpg=01;35:*.mpeg=01;35:*.m2v=01;35:*.mkv=01;35:*.webm=01;35:*.webp=01;35:*.ogm=01;35:*.mp4=01;35:*.m4v=01;35:*.mp4v=01;35:*.vob=01;35:*.qt=01;35:*.nuv=01;35:*.wmv=01;35:*.asf=01;35:*.rm=01;35:*.rmvb=01;35:*.flc=01;35:*.avi=01;35:*.fli=01;35:*.flv=01;35:*.gl=01;35:*.dl=01;35:*.xcf=01;35:*.xwd=01;35:*.yuv=01;35:*.cgm=01;35:*.emf=01;35:*.ogv=01;35:*.ogx=01;35:*.aac=00;36:*.au=00;36:*.flac=00;36:*.m4a=00;36:*.mid=00;36:*.midi=00;36:*.mka=00;36:*.mp3=00;36:*.mpc=00;36:*.ogg=00;36:*.ra=00;36:*.wav=00;36:*.oga=00;36:*.opus=00;36:*.spx=00;36:*.xspf=00;36:'), ('AMENT_PREFIX_PATH', '/opt/ros/humble'), ('LESSCLOSE', '/usr/bin/lesspipe %s %s'), ('PWD', '/home/test_ws/build/test_a_msgs'), ('PYTHONPATH', '/opt/ros/humble/lib/python3.10/site-packages:/opt/ros/humble/local/lib/python3.10/dist-packages'), ('TZ', 'America/Los_Angeles'), ('COLCON', '1'), ('CMAKE_PREFIX_PATH', '/opt/ros/humble')]), 'shell': False}
[0.037356] (test_a_msgs) StdoutLine: {'line': b'\x1b[35m\x1b[1mConsolidate compiler generated dependencies of target test_a_msgs__rosidl_generator_c\x1b[0m\n'}
[0.046329] (test_a_msgs) StdoutLine: {'line': b'[  6%] Built target test_a_msgs__cpp\n'}
[0.046527] (test_a_msgs) StdoutLine: {'line': b'[ 12%] Built target test_a_msgs__rosidl_generator_c\n'}
[0.048356] (test_a_msgs) StdoutLine: {'line': b'[ 12%] Built target ament_cmake_python_copy_test_a_msgs\n'}
[0.055262] (test_a_msgs) StdoutLine: {'line': b'\x1b[35m\x1b[1mConsolidate compiler generated dependencies of target test_a_msgs__rosidl_typesupport_introspection_c\x1b[0m\n'}
[0.055584] (test_a_msgs) StdoutLine: {'line': b'\x1b[35m\x1b[1mConsolidate compiler generated dependencies of target test_a_msgs__rosidl_typesupport_cpp\x1b[0m\n'}
[0.055694] (test_a_msgs) StdoutLine: {'line': b'\x1b[35m\x1b[1mConsolidate compiler generated dependencies of target test_a_msgs__rosidl_typesupport_fastrtps_c\x1b[0m\n'}
[0.057357] (test_a_msgs) StdoutLine: {'line': b'\x1b[35m\x1b[1mConsolidate compiler generated dependencies of target test_a_msgs__rosidl_typesupport_c\x1b[0m\n'}
[0.057574] (test_a_msgs) StdoutLine: {'line': b'\x1b[35m\x1b[1mConsolidate compiler generated dependencies of target test_a_msgs__rosidl_typesupport_fastrtps_cpp\x1b[0m\n'}
[0.058173] (test_a_msgs) StdoutLine: {'line': b'\x1b[35m\x1b[1mConsolidate compiler generated dependencies of target test_a_msgs__rosidl_typesupport_introspection_cpp\x1b[0m\n'}
[0.064422] (test_a_msgs) StdoutLine: {'line': b'[ 22%] Built target test_a_msgs__rosidl_typesupport_introspection_c\n'}
[0.064824] (test_a_msgs) StdoutLine: {'line': b'[ 32%] Built target test_a_msgs__rosidl_typesupport_fastrtps_c\n'}
[0.068452] (test_a_msgs) StdoutLine: {'line': b'[ 51%] Built target test_a_msgs__rosidl_typesupport_c\n'}
[0.068646] (test_a_msgs) StdoutLine: {'line': b'[ 51%] Built target test_a_msgs__rosidl_typesupport_cpp\n'}
[0.068761] (test_a_msgs) StdoutLine: {'line': b'[ 61%] Built target test_a_msgs__rosidl_typesupport_fastrtps_cpp\n'}
[0.072220] (test_a_msgs) StdoutLine: {'line': b'[ 70%] Built target test_a_msgs__rosidl_typesupport_introspection_cpp\n'}
[0.092233] (test_a_msgs) StdoutLine: {'line': b'[ 70%] Built target test_a_msgs\n'}
[0.099437] (-) TimerEvent: {}
[0.115230] (test_a_msgs) StdoutLine: {'line': b'[ 74%] Built target test_a_msgs__py\n'}
[0.123037] (test_a_msgs) StdoutLine: {'line': b'\x1b[35m\x1b[1mConsolidate compiler generated dependencies of target test_a_msgs__rosidl_generator_py\x1b[0m\n'}
[0.131761] (test_a_msgs) StdoutLine: {'line': b'[ 80%] Built target test_a_msgs__rosidl_generator_py\n'}
[0.139528] (test_a_msgs) StdoutLine: {'line': b'\x1b[35m\x1b[1mConsolidate compiler generated dependencies of target test_a_msgs__rosidl_typesupport_fastrtps_c__pyext\x1b[0m\n'}
[0.142447] (test_a_msgs) StdoutLine: {'line': b'\x1b[35m\x1b[1mConsolidate compiler generated dependencies of target test_a_msgs__rosidl_typesupport_c__pyext\x1b[0m\n'}
[0.142982] (test_a_msgs) StdoutLine: {'line': b'\x1b[35m\x1b[1mConsolidate compiler generated dependencies of target test_a_msgs__rosidl_typesupport_introspection_c__pyext\x1b[0m\n'}
[0.151085] (test_a_msgs) StdoutLine: {'line': b'[ 87%] Built target test_a_msgs__rosidl_typesupport_fastrtps_c__pyext\n'}
[0.154239] (test_a_msgs) StdoutLine: {'line': b'[ 93%] Built target test_a_msgs__rosidl_typesupport_c__pyext\n'}
[0.155932] (test_a_msgs) StdoutLine: {'line': b'[100%] Built target test_a_msgs__rosidl_typesupport_introspection_c__pyext\n'}
[0.199574] (-) TimerEvent: {}
[0.223934] (test_a_msgs) StdoutLine: {'line': b'running egg_info\n'}
[0.224191] (test_a_msgs) StdoutLine: {'line': b'writing test_a_msgs.egg-info/PKG-INFO\n'}
[0.224321] (test_a_msgs) StdoutLine: {'line': b'writing dependency_links to test_a_msgs.egg-info/dependency_links.txt\n'}
[0.224430] (test_a_msgs) StdoutLine: {'line': b'writing top-level names to test_a_msgs.egg-info/top_level.txt\n'}
[0.225910] (test_a_msgs) StdoutLine: {'line': b"reading manifest file 'test_a_msgs.egg-info/SOURCES.txt'\n"}
[0.226342] (test_a_msgs) StdoutLine: {'line': b"writing manifest file 'test_a_msgs.egg-info/SOURCES.txt'\n"}
[0.245370] (test_a_msgs) StdoutLine: {'line': b'[100%] Built target ament_cmake_python_build_test_a_msgs_egg\n'}
[0.253362] (test_a_msgs) CommandEnded: {'returncode': 0}
[0.283278] (test_a_msgs) JobProgress: {'identifier': 'test_a_msgs', 'progress': 'install'}
[0.288816] (test_a_msgs) Command: {'cmd': ['/usr/bin/cmake', '--install', '/home/test_ws/build/test_a_msgs'], 'cwd': '/home/test_ws/build/test_a_msgs', 'env': OrderedDict([('LESSOPEN', '| /usr/bin/lesspipe %s'), ('HOSTNAME', 'mochi'), ('SHLVL', '1'), ('LD_LIBRARY_PATH', '/opt/ros/humble/lib/x86_64-linux-gnu:/opt/ros/humble/lib'), ('HOME', '/root'), ('ROS_PYTHON_VERSION', '3'), ('LC_CTYPE', 'C.UTF-8'), ('ROS_DISTRO', 'humble'), ('_', '/usr/bin/colcon'), ('ROS_VERSION', '2'), ('TERM', 'xterm'), ('ROS_LOCALHOST_ONLY', '0'), ('QT_X11_NO_MITSHM', '1'), ('PATH', '/opt/ros/humble/bin:/usr/local/sbin:/usr/local/bin:/usr/sbin:/usr/bin:/sbin:/bin'), ('DISPLAY', ':1'), ('LS_COLORS', 'rs=0:di=01;34:ln=01;36:mh=00:pi=40;33:so=01;35:do=01;35:bd=40;33;01:cd=40;33;01:or=40;31;01:mi=00:su=37;41:sg=30;43:ca=30;41:tw=30;42:ow=34;42:st=37;44:ex=01;32:*.tar=01;31:*.tgz=01;31:*.arc=01;31:*.arj=01;31:*.taz=01;31:*.lha=01;31:*.lz4=01;31:*.lzh=01;31:*.lzma=01;31:*.tlz=01;31:*.txz=01;31:*.tzo=01;31:*.t7z=01;31:*.zip=01;31:*.z=01;31:*.dz=01;31:*.gz=01;31:*.lrz=01;31:*.lz=01;31:*.lzo=01;31:*.xz=01;31:*.zst=01;31:*.tzst=01;31:*.bz2=01;31:*.bz=01;31:*.tbz=01;31:*.tbz2=01;31:*.tz=01;31:*.deb=01;31:*.rpm=01;31:*.jar=01;31:*.war=01;31:*.ear=01;31:*.sar=01;31:*.rar=01;31:*.alz=01;31:*.ace=01;31:*.zoo=01;31:*.cpio=01;31:*.7z=01;31:*.rz=01;31:*.cab=01;31:*.wim=01;31:*.swm=01;31:*.dwm=01;31:*.esd=01;31:*.jpg=01;35:*.jpeg=01;35:*.mjpg=01;35:*.mjpeg=01;35:*.gif=01;35:*.bmp=01;35:*.pbm=01;35:*.pgm=01;35:*.ppm=01;35:*.tga=01;35:*.xbm=01;35:*.xpm=01;35:*.tif=01;35:*.tiff=01;35:*.png=01;35:*.svg=01;35:*.svgz=01;35:*.mng=01;35:*.pcx=01;35:*.mov=01;35:*.mpg=01;35:*.mpeg=01;35:*.m2v=01;35:*.mkv=01;35:*.webm=01;35:*.webp=01;35:*.ogm=01;35:*.mp4=01;35:*.m4v=01;35:*.mp4v=01;35:*.vob=01;35:*.qt=01;35:*.nuv=01;35:*.wmv=01;35:*.asf=01;35:*.rm=01;35:*.rmvb=01;35:*.flc=01;35:*.avi=01;35:*.fli=01;35:*.flv=01;35:*.gl=01;35:*.dl=01;35:*.xcf=01;35:*.xwd=01;35:*.yuv=01;35:*.cgm=01;35:*.emf=01;35:*.ogv=01;35:*.ogx=01;35:*.aac=00;36:*.au=00;36:*.flac=00;36:*.m4a=00;36:*.mid=00;36:*.midi=00;36:*.mka=00;36:*.mp3=00;36:*.mpc=00;36:*.ogg=00;36:*.ra=00;36:*.wav=00;36:*.oga=00;36:*.opus=00;36:*.spx=00;36:*.xspf=00;36:'), ('AMENT_PREFIX_PATH', '/opt/ros/humble'), ('LESSCLOSE', '/usr/bin/lesspipe %s %s'), ('PWD', '/home/test_ws/build/test_a_msgs'), ('PYTHONPATH', '/opt/ros/humble/lib/python3.10/site-packages:/opt/ros/humble/local/lib/python3.10/dist-packages'), ('TZ', 'America/Los_Angeles'), ('COLCON', '1'), ('CMAKE_PREFIX_PATH', '/opt/ros/humble')]), 'shell': False}
[0.293873] (test_a_msgs) StdoutLine: {'line': b'-- Install configuration: ""\n'}
[0.294140] (test_a_msgs) StdoutLine: {'line': b'-- Up-to-date: /home/test_ws/install/test_a_msgs/share/ament_index/resource_index/rosidl_interfaces/test_a_msgs\n'}
[0.294260] (test_a_msgs) StdoutLine: {'line': b'-- Up-to-date: /home/test_ws/install/test_a_msgs/include/test_a_msgs/test_a_msgs\n'}
[0.294451] (test_a_msgs) StdoutLine: {'line': b'-- Up-to-date: /home/test_ws/install/test_a_msgs/include/test_a_msgs/test_a_msgs/msg\n'}
[0.294666] (test_a_msgs) StdoutLine: {'line': b'-- Up-to-date: /home/test_ws/install/test_a_msgs/include/test_a_msgs/test_a_msgs/msg/test.h\n'}
[0.294781] (test_a_msgs) StdoutLine: {'line': b'-- Up-to-date: /home/test_ws/install/test_a_msgs/include/test_a_msgs/test_a_msgs/msg/detail\n'}
[0.294961] (test_a_msgs) StdoutLine: {'line': b'-- Up-to-date: /home/test_ws/install/test_a_msgs/include/test_a_msgs/test_a_msgs/msg/detail/test__type_support.h\n'}
[0.295160] (test_a_msgs) StdoutLine: {'line': b'-- Up-to-date: /home/test_ws/install/test_a_msgs/include/test_a_msgs/test_a_msgs/msg/detail/test__struct.h\n'}
[0.295267] (test_a_msgs) StdoutLine: {'line': b'-- Up-to-date: /home/test_ws/install/test_a_msgs/include/test_a_msgs/test_a_msgs/msg/detail/test__functions.h\n'}
[0.295399] (test_a_msgs) StdoutLine: {'line': b'-- Up-to-date: /home/test_ws/install/test_a_msgs/include/test_a_msgs/test_a_msgs/msg/detail/test__functions.c\n'}
[0.295481] (test_a_msgs) StdoutLine: {'line': b'-- Up-to-date: /home/test_ws/install/test_a_msgs/include/test_a_msgs/test_a_msgs/msg/rosidl_generator_c__visibility_control.h\n'}
[0.295577] (test_a_msgs) StdoutLine: {'line': b'-- Up-to-date: /home/test_ws/install/test_a_msgs/share/test_a_msgs/environment/library_path.sh\n'}
[0.295658] (test_a_msgs) StdoutLine: {'line': b'-- Up-to-date: /home/test_ws/install/test_a_msgs/share/test_a_msgs/environment/library_path.dsv\n'}
[0.295736] (test_a_msgs) StdoutLine: {'line': b'-- Up-to-date: /home/test_ws/install/test_a_msgs/lib/libtest_a_msgs__rosidl_generator_c.so\n'}
[0.295829] (test_a_msgs) StdoutLine: {'line': b'-- Up-to-date: /home/test_ws/install/test_a_msgs/include/test_a_msgs/test_a_msgs\n'}
[0.295907] (test_a_msgs) StdoutLine: {'line': b'-- Up-to-date: /home/test_ws/install/test_a_msgs/include/test_a_msgs/test_a_msgs/msg\n'}
[0.296028] (test_a_msgs) StdoutLine: {'line': b'-- Up-to-date: /home/test_ws/install/test_a_msgs/include/test_a_msgs/test_a_msgs/msg/rosidl_typesupport_fastrtps_c__visibility_control.h\n'}
[0.296141] (test_a_msgs) StdoutLine: {'line': b'-- Up-to-date: /home/test_ws/install/test_a_msgs/include/test_a_msgs/test_a_msgs/msg/detail\n'}
[0.296297] (test_a_msgs) StdoutLine: {'line': b'-- Up-to-date: /home/test_ws/install/test_a_msgs/include/test_a_msgs/test_a_msgs/msg/detail/test__rosidl_typesupport_fastrtps_c.h\n'}
[0.296406] (test_a_msgs) StdoutLine: {'line': b'-- Up-to-date: /home/test_ws/install/test_a_msgs/lib/libtest_a_msgs__rosidl_typesupport_fastrtps_c.so\n'}
[0.296483] (test_a_msgs) StdoutLine: {'line': b'-- Up-to-date: /home/test_ws/install/test_a_msgs/include/test_a_msgs/test_a_msgs\n'}
[0.296561] (test_a_msgs) StdoutLine: {'line': b'-- Up-to-date: /home/test_ws/install/test_a_msgs/include/test_a_msgs/test_a_msgs/msg\n'}
[0.296638] (test_a_msgs) StdoutLine: {'line': b'-- Up-to-date: /home/test_ws/install/test_a_msgs/include/test_a_msgs/test_a_msgs/msg/rosidl_typesupport_introspection_c__visibility_control.h\n'}
[0.296718] (test_a_msgs) StdoutLine: {'line': b'-- Up-to-date: /home/test_ws/install/test_a_msgs/include/test_a_msgs/test_a_msgs/msg/detail\n'}
[0.296795] (test_a_msgs) StdoutLine: {'line': b'-- Up-to-date: /home/test_ws/install/test_a_msgs/include/test_a_msgs/test_a_msgs/msg/detail/test__type_support.c\n'}
[0.296873] (test_a_msgs) StdoutLine: {'line': b'-- Up-to-date: /home/test_ws/install/test_a_msgs/include/test_a_msgs/test_a_msgs/msg/detail/test__rosidl_typesupport_introspection_c.h\n'}
[0.296950] (test_a_msgs) StdoutLine: {'line': b'-- Up-to-date: /home/test_ws/install/test_a_msgs/lib/libtest_a_msgs__rosidl_typesupport_introspection_c.so\n'}
[0.297027] (test_a_msgs) StdoutLine: {'line': b'-- Up-to-date: /home/test_ws/install/test_a_msgs/lib/libtest_a_msgs__rosidl_typesupport_c.so\n'}
[0.297104] (test_a_msgs) StdoutLine: {'line': b'-- Up-to-date: /home/test_ws/install/test_a_msgs/include/test_a_msgs/test_a_msgs\n'}
[0.297182] (test_a_msgs) StdoutLine: {'line': b'-- Up-to-date: /home/test_ws/install/test_a_msgs/include/test_a_msgs/test_a_msgs/msg\n'}
[0.297259] (test_a_msgs) StdoutLine: {'line': b'-- Up-to-date: /home/test_ws/install/test_a_msgs/include/test_a_msgs/test_a_msgs/msg/test.hpp\n'}
[0.297336] (test_a_msgs) StdoutLine: {'line': b'-- Up-to-date: /home/test_ws/install/test_a_msgs/include/test_a_msgs/test_a_msgs/msg/detail\n'}
[0.297413] (test_a_msgs) StdoutLine: {'line': b'-- Up-to-date: /home/test_ws/install/test_a_msgs/include/test_a_msgs/test_a_msgs/msg/detail/test__struct.hpp\n'}
[0.297490] (test_a_msgs) StdoutLine: {'line': b'-- Up-to-date: /home/test_ws/install/test_a_msgs/include/test_a_msgs/test_a_msgs/msg/detail/test__builder.hpp\n'}
[0.297567] (test_a_msgs) StdoutLine: {'line': b'-- Up-to-date: /home/test_ws/install/test_a_msgs/include/test_a_msgs/test_a_msgs/msg/detail/test__traits.hpp\n'}
[0.297654] (test_a_msgs) StdoutLine: {'line': b'-- Up-to-date: /home/test_ws/install/test_a_msgs/include/test_a_msgs/test_a_msgs\n'}
[0.297731] (test_a_msgs) StdoutLine: {'line': b'-- Up-to-date: /home/test_ws/install/test_a_msgs/include/test_a_msgs/test_a_msgs/msg\n'}
[0.297807] (test_a_msgs) StdoutLine: {'line': b'-- Up-to-date: /home/test_ws/install/test_a_msgs/include/test_a_msgs/test_a_msgs/msg/rosidl_typesupport_fastrtps_cpp__visibility_control.h\n'}
[0.297884] (test_a_msgs) StdoutLine: {'line': b'-- Up-to-date: /home/test_ws/install/test_a_msgs/include/test_a_msgs/test_a_msgs/msg/detail\n'}
[0.297961] (test_a_msgs) StdoutLine: {'line': b'-- Up-to-date: /home/test_ws/install/test_a_msgs/include/test_a_msgs/test_a_msgs/msg/detail/dds_fastrtps\n'}
[0.298038] (test_a_msgs) StdoutLine: {'line': b'-- Up-to-date: /home/test_ws/install/test_a_msgs/include/test_a_msgs/test_a_msgs/msg/detail/test__rosidl_typesupport_fastrtps_cpp.hpp\n'}
[0.298115] (test_a_msgs) StdoutLine: {'line': b'-- Up-to-date: /home/test_ws/install/test_a_msgs/lib/libtest_a_msgs__rosidl_typesupport_fastrtps_cpp.so\n'}
[0.298198] (test_a_msgs) StdoutLine: {'line': b'-- Up-to-date: /home/test_ws/install/test_a_msgs/include/test_a_msgs/test_a_msgs\n'}
[0.298275] (test_a_msgs) StdoutLine: {'line': b'-- Up-to-date: /home/test_ws/install/test_a_msgs/include/test_a_msgs/test_a_msgs/msg\n'}
[0.298352] (test_a_msgs) StdoutLine: {'line': b'-- Up-to-date: /home/test_ws/install/test_a_msgs/include/test_a_msgs/test_a_msgs/msg/detail\n'}
[0.298429] (test_a_msgs) StdoutLine: {'line': b'-- Up-to-date: /home/test_ws/install/test_a_msgs/include/test_a_msgs/test_a_msgs/msg/detail/test__type_support.cpp\n'}
[0.298511] (test_a_msgs) StdoutLine: {'line': b'-- Up-to-date: /home/test_ws/install/test_a_msgs/include/test_a_msgs/test_a_msgs/msg/detail/test__rosidl_typesupport_introspection_cpp.hpp\n'}
[0.298588] (test_a_msgs) StdoutLine: {'line': b'-- Up-to-date: /home/test_ws/install/test_a_msgs/lib/libtest_a_msgs__rosidl_typesupport_introspection_cpp.so\n'}
[0.298666] (test_a_msgs) StdoutLine: {'line': b'-- Up-to-date: /home/test_ws/install/test_a_msgs/lib/libtest_a_msgs__rosidl_typesupport_cpp.so\n'}
[0.298743] (test_a_msgs) StdoutLine: {'line': b'-- Up-to-date: /home/test_ws/install/test_a_msgs/share/test_a_msgs/environment/pythonpath.sh\n'}
[0.298820] (test_a_msgs) StdoutLine: {'line': b'-- Up-to-date: /home/test_ws/install/test_a_msgs/share/test_a_msgs/environment/pythonpath.dsv\n'}
[0.298897] (test_a_msgs) StdoutLine: {'line': b'-- Up-to-date: /home/test_ws/install/test_a_msgs/local/lib/python3.10/dist-packages/test_a_msgs-0.0.1-py3.10.egg-info\n'}
[0.298974] (test_a_msgs) StdoutLine: {'line': b'-- Installing: /home/test_ws/install/test_a_msgs/local/lib/python3.10/dist-packages/test_a_msgs-0.0.1-py3.10.egg-info/dependency_links.txt\n'}
[0.299051] (test_a_msgs) StdoutLine: {'line': b'-- Installing: /home/test_ws/install/test_a_msgs/local/lib/python3.10/dist-packages/test_a_msgs-0.0.1-py3.10.egg-info/top_level.txt\n'}
[0.299127] (test_a_msgs) StdoutLine: {'line': b'-- Installing: /home/test_ws/install/test_a_msgs/local/lib/python3.10/dist-packages/test_a_msgs-0.0.1-py3.10.egg-info/PKG-INFO\n'}
[0.299204] (test_a_msgs) StdoutLine: {'line': b'-- Installing: /home/test_ws/install/test_a_msgs/local/lib/python3.10/dist-packages/test_a_msgs-0.0.1-py3.10.egg-info/SOURCES.txt\n'}
[0.299427] (test_a_msgs) StdoutLine: {'line': b'-- Up-to-date: /home/test_ws/install/test_a_msgs/local/lib/python3.10/dist-packages/test_a_msgs\n'}
[0.299506] (test_a_msgs) StdoutLine: {'line': b'-- Up-to-date: /home/test_ws/install/test_a_msgs/local/lib/python3.10/dist-packages/test_a_msgs/test_a_msgs_s__rosidl_typesupport_c.cpython-310-x86_64-linux-gnu.so\n'}
[0.299582] (-) TimerEvent: {}
[0.299692] (test_a_msgs) StdoutLine: {'line': b'-- Up-to-date: /home/test_ws/install/test_a_msgs/local/lib/python3.10/dist-packages/test_a_msgs/_test_a_msgs_s.ep.rosidl_typesupport_c.c\n'}
[0.299781] (test_a_msgs) StdoutLine: {'line': b'-- Up-to-date: /home/test_ws/install/test_a_msgs/local/lib/python3.10/dist-packages/test_a_msgs/test_a_msgs_s__rosidl_typesupport_introspection_c.cpython-310-x86_64-linux-gnu.so\n'}
[0.299861] (test_a_msgs) StdoutLine: {'line': b'-- Up-to-date: /home/test_ws/install/test_a_msgs/local/lib/python3.10/dist-packages/test_a_msgs/_test_a_msgs_s.ep.rosidl_typesupport_fastrtps_c.c\n'}
[0.299942] (test_a_msgs) StdoutLine: {'line': b'-- Up-to-date: /home/test_ws/install/test_a_msgs/local/lib/python3.10/dist-packages/test_a_msgs/__init__.py\n'}
[0.300022] (test_a_msgs) StdoutLine: {'line': b'-- Up-to-date: /home/test_ws/install/test_a_msgs/local/lib/python3.10/dist-packages/test_a_msgs/_test_a_msgs_s.ep.rosidl_typesupport_introspection_c.c\n'}
[0.300099] (test_a_msgs) StdoutLine: {'line': b'-- Up-to-date: /home/test_ws/install/test_a_msgs/local/lib/python3.10/dist-packages/test_a_msgs/msg\n'}
[0.300180] (test_a_msgs) StdoutLine: {'line': b'-- Up-to-date: /home/test_ws/install/test_a_msgs/local/lib/python3.10/dist-packages/test_a_msgs/msg/_test_s.c\n'}
[0.300260] (test_a_msgs) StdoutLine: {'line': b'-- Up-to-date: /home/test_ws/install/test_a_msgs/local/lib/python3.10/dist-packages/test_a_msgs/msg/__init__.py\n'}
[0.300348] (test_a_msgs) StdoutLine: {'line': b'-- Up-to-date: /home/test_ws/install/test_a_msgs/local/lib/python3.10/dist-packages/test_a_msgs/msg/_test.py\n'}
[0.300425] (test_a_msgs) StdoutLine: {'line': b'-- Up-to-date: /home/test_ws/install/test_a_msgs/local/lib/python3.10/dist-packages/test_a_msgs/test_a_msgs_s__rosidl_typesupport_fastrtps_c.cpython-310-x86_64-linux-gnu.so\n'}
[0.300502] (test_a_msgs) StdoutLine: {'line': b'-- Up-to-date: /home/test_ws/install/test_a_msgs/local/lib/python3.10/dist-packages/test_a_msgs/libtest_a_msgs__rosidl_generator_py.so\n'}
[0.316813] (test_a_msgs) StdoutLine: {'line': b"Listing '/home/test_ws/install/test_a_msgs/local/lib/python3.10/dist-packages/test_a_msgs'...\n"}
[0.317027] (test_a_msgs) StdoutLine: {'line': b"Listing '/home/test_ws/install/test_a_msgs/local/lib/python3.10/dist-packages/test_a_msgs/msg'...\n"}
[0.320393] (test_a_msgs) StdoutLine: {'line': b'-- Up-to-date: /home/test_ws/install/test_a_msgs/local/lib/python3.10/dist-packages/test_a_msgs/test_a_msgs_s__rosidl_typesupport_fastrtps_c.cpython-310-x86_64-linux-gnu.so\n'}
[0.320641] (test_a_msgs) StdoutLine: {'line': b'-- Up-to-date: /home/test_ws/install/test_a_msgs/local/lib/python3.10/dist-packages/test_a_msgs/test_a_msgs_s__rosidl_typesupport_introspection_c.cpython-310-x86_64-linux-gnu.so\n'}
[0.320811] (test_a_msgs) StdoutLine: {'line': b'-- Up-to-date: /home/test_ws/install/test_a_msgs/local/lib/python3.10/dist-packages/test_a_msgs/test_a_msgs_s__rosidl_typesupport_c.cpython-310-x86_64-linux-gnu.so\n'}
[0.320989] (test_a_msgs) StdoutLine: {'line': b'-- Up-to-date: /home/test_ws/install/test_a_msgs/lib/libtest_a_msgs__rosidl_generator_py.so\n'}
[0.321070] (test_a_msgs) StdoutLine: {'line': b'-- Up-to-date: /home/test_ws/install/test_a_msgs/share/test_a_msgs/msg/Test.idl\n'}
[0.321170] (test_a_msgs) StdoutLine: {'line': b'-- Up-to-date: /home/test_ws/install/test_a_msgs/share/test_a_msgs/msg/Test.msg\n'}
[0.321287] (test_a_msgs) StdoutLine: {'line': b'-- Up-to-date: /home/test_ws/install/test_a_msgs/share/ament_index/resource_index/package_run_dependencies/test_a_msgs\n'}
[0.321367] (test_a_msgs) StdoutLine: {'line': b'-- Up-to-date: /home/test_ws/install/test_a_msgs/share/ament_index/resource_index/parent_prefix_path/test_a_msgs\n'}
[0.321473] (test_a_msgs) StdoutLine: {'line': b'-- Up-to-date: /home/test_ws/install/test_a_msgs/share/test_a_msgs/environment/ament_prefix_path.sh\n'}
[0.321576] (test_a_msgs) StdoutLine: {'line': b'-- Up-to-date: /home/test_ws/install/test_a_msgs/share/test_a_msgs/environment/ament_prefix_path.dsv\n'}
[0.321694] (test_a_msgs) StdoutLine: {'line': b'-- Up-to-date: /home/test_ws/install/test_a_msgs/share/test_a_msgs/environment/path.sh\n'}
[0.321791] (test_a_msgs) StdoutLine: {'line': b'-- Up-to-date: /home/test_ws/install/test_a_msgs/share/test_a_msgs/environment/path.dsv\n'}
[0.321869] (test_a_msgs) StdoutLine: {'line': b'-- Up-to-date: /home/test_ws/install/test_a_msgs/share/test_a_msgs/local_setup.bash\n'}
[0.321973] (test_a_msgs) StdoutLine: {'line': b'-- Up-to-date: /home/test_ws/install/test_a_msgs/share/test_a_msgs/local_setup.sh\n'}
[0.322077] (test_a_msgs) StdoutLine: {'line': b'-- Up-to-date: /home/test_ws/install/test_a_msgs/share/test_a_msgs/local_setup.zsh\n'}
[0.322157] (test_a_msgs) StdoutLine: {'line': b'-- Up-to-date: /home/test_ws/install/test_a_msgs/share/test_a_msgs/local_setup.dsv\n'}
[0.322274] (test_a_msgs) StdoutLine: {'line': b'-- Installing: /home/test_ws/install/test_a_msgs/share/test_a_msgs/package.dsv\n'}
[0.322468] (test_a_msgs) StdoutLine: {'line': b'-- Up-to-date: /home/test_ws/install/test_a_msgs/share/ament_index/resource_index/packages/test_a_msgs\n'}
[0.322548] (test_a_msgs) StdoutLine: {'line': b'-- Up-to-date: /home/test_ws/install/test_a_msgs/share/test_a_msgs/cmake/export_test_a_msgs__rosidl_generator_cExport.cmake\n'}
[0.322627] (test_a_msgs) StdoutLine: {'line': b'-- Up-to-date: /home/test_ws/install/test_a_msgs/share/test_a_msgs/cmake/export_test_a_msgs__rosidl_generator_cExport-noconfig.cmake\n'}
[0.322712] (test_a_msgs) StdoutLine: {'line': b'-- Up-to-date: /home/test_ws/install/test_a_msgs/share/test_a_msgs/cmake/export_test_a_msgs__rosidl_typesupport_fastrtps_cExport.cmake\n'}
[0.322802] (test_a_msgs) StdoutLine: {'line': b'-- Up-to-date: /home/test_ws/install/test_a_msgs/share/test_a_msgs/cmake/export_test_a_msgs__rosidl_typesupport_fastrtps_cExport-noconfig.cmake\n'}
[0.322881] (test_a_msgs) StdoutLine: {'line': b'-- Up-to-date: /home/test_ws/install/test_a_msgs/share/test_a_msgs/cmake/test_a_msgs__rosidl_typesupport_introspection_cExport.cmake\n'}
[0.322958] (test_a_msgs) StdoutLine: {'line': b'-- Up-to-date: /home/test_ws/install/test_a_msgs/share/test_a_msgs/cmake/test_a_msgs__rosidl_typesupport_introspection_cExport-noconfig.cmake\n'}
[0.323036] (test_a_msgs) StdoutLine: {'line': b'-- Up-to-date: /home/test_ws/install/test_a_msgs/share/test_a_msgs/cmake/test_a_msgs__rosidl_typesupport_cExport.cmake\n'}
[0.323113] (test_a_msgs) StdoutLine: {'line': b'-- Up-to-date: /home/test_ws/install/test_a_msgs/share/test_a_msgs/cmake/test_a_msgs__rosidl_typesupport_cExport-noconfig.cmake\n'}
[0.323192] (test_a_msgs) StdoutLine: {'line': b'-- Up-to-date: /home/test_ws/install/test_a_msgs/share/test_a_msgs/cmake/export_test_a_msgs__rosidl_generator_cppExport.cmake\n'}
[0.323270] (test_a_msgs) StdoutLine: {'line': b'-- Up-to-date: /home/test_ws/install/test_a_msgs/share/test_a_msgs/cmake/export_test_a_msgs__rosidl_typesupport_fastrtps_cppExport.cmake\n'}
[0.323348] (test_a_msgs) StdoutLine: {'line': b'-- Up-to-date: /home/test_ws/install/test_a_msgs/share/test_a_msgs/cmake/export_test_a_msgs__rosidl_typesupport_fastrtps_cppExport-noconfig.cmake\n'}
[0.323426] (test_a_msgs) StdoutLine: {'line': b'-- Up-to-date: /home/test_ws/install/test_a_msgs/share/test_a_msgs/cmake/test_a_msgs__rosidl_typesupport_introspection_cppExport.cmake\n'}
[0.323539] (test_a_msgs) StdoutLine: {'line': b'-- Up-to-date: /home/test_ws/install/test_a_msgs/share/test_a_msgs/cmake/test_a_msgs__rosidl_typesupport_introspection_cppExport-noconfig.cmake\n'}
[0.323764] (test_a_msgs) StdoutLine: {'line': b'-- Up-to-date: /home/test_ws/install/test_a_msgs/share/test_a_msgs/cmake/test_a_msgs__rosidl_typesupport_cppExport.cmake\n'}
[0.324113] (test_a_msgs) StdoutLine: {'line': b'-- Up-to-date: /home/test_ws/install/test_a_msgs/share/test_a_msgs/cmake/test_a_msgs__rosidl_typesupport_cppExport-noconfig.cmake\n'}
[0.324520] (test_a_msgs) StdoutLine: {'line': b'-- Up-to-date: /home/test_ws/install/test_a_msgs/share/test_a_msgs/cmake/export_test_a_msgs__rosidl_generator_pyExport.cmake\n'}
[0.324688] (test_a_msgs) StdoutLine: {'line': b'-- Up-to-date: /home/test_ws/install/test_a_msgs/share/test_a_msgs/cmake/export_test_a_msgs__rosidl_generator_pyExport-noconfig.cmake\n'}
[0.324840] (test_a_msgs) StdoutLine: {'line': b'-- Up-to-date: /home/test_ws/install/test_a_msgs/share/test_a_msgs/cmake/rosidl_cmake-extras.cmake\n'}
[0.324967] (test_a_msgs) StdoutLine: {'line': b'-- Up-to-date: /home/test_ws/install/test_a_msgs/share/test_a_msgs/cmake/ament_cmake_export_dependencies-extras.cmake\n'}
[0.325189] (test_a_msgs) StdoutLine: {'line': b'-- Up-to-date: /home/test_ws/install/test_a_msgs/share/test_a_msgs/cmake/ament_cmake_export_include_directories-extras.cmake\n'}
[0.325333] (test_a_msgs) StdoutLine: {'line': b'-- Up-to-date: /home/test_ws/install/test_a_msgs/share/test_a_msgs/cmake/ament_cmake_export_libraries-extras.cmake\n'}
[0.325447] (test_a_msgs) StdoutLine: {'line': b'-- Up-to-date: /home/test_ws/install/test_a_msgs/share/test_a_msgs/cmake/ament_cmake_export_targets-extras.cmake\n'}
[0.325549] (test_a_msgs) StdoutLine: {'line': b'-- Up-to-date: /home/test_ws/install/test_a_msgs/share/test_a_msgs/cmake/rosidl_cmake_export_typesupport_targets-extras.cmake\n'}
[0.325942] (test_a_msgs) StdoutLine: {'line': b'-- Up-to-date: /home/test_ws/install/test_a_msgs/share/test_a_msgs/cmake/rosidl_cmake_export_typesupport_libraries-extras.cmake\n'}
[0.326081] (test_a_msgs) StdoutLine: {'line': b'-- Up-to-date: /home/test_ws/install/test_a_msgs/share/test_a_msgs/cmake/test_a_msgsConfig.cmake\n'}
[0.326216] (test_a_msgs) StdoutLine: {'line': b'-- Up-to-date: /home/test_ws/install/test_a_msgs/share/test_a_msgs/cmake/test_a_msgsConfig-version.cmake\n'}
[0.326340] (test_a_msgs) StdoutLine: {'line': b'-- Up-to-date: /home/test_ws/install/test_a_msgs/share/test_a_msgs/package.xml\n'}
[0.326545] (test_a_msgs) CommandEnded: {'returncode': 0}
[0.371719] (test_a_msgs) JobEnded: {'identifier': 'test_a_msgs', 'rc': 0}
[0.372270] (test_pkg) JobStarted: {'identifier': 'test_pkg'}
[0.375589] (test_pkg) JobProgress: {'identifier': 'test_pkg', 'progress': 'cmake'}
[0.375995] (test_pkg) JobProgress: {'identifier': 'test_pkg', 'progress': 'build'}
[0.376119] (test_pkg) Command: {'cmd': ['/usr/bin/cmake', '--build', '/home/test_ws/build/test_pkg', '--', '-j12', '-l12'], 'cwd': '/home/test_ws/build/test_pkg', 'env': OrderedDict([('LESSOPEN', '| /usr/bin/lesspipe %s'), ('HOSTNAME', 'mochi'), ('SHLVL', '1'), ('LD_LIBRARY_PATH', '/home/test_ws/install/test_a_msgs/lib:/opt/ros/humble/lib/x86_64-linux-gnu:/opt/ros/humble/lib'), ('HOME', '/root'), ('ROS_PYTHON_VERSION', '3'), ('LC_CTYPE', 'C.UTF-8'), ('ROS_DISTRO', 'humble'), ('_', '/usr/bin/colcon'), ('ROS_VERSION', '2'), ('TERM', 'xterm'), ('ROS_LOCALHOST_ONLY', '0'), ('QT_X11_NO_MITSHM', '1'), ('PATH', '/opt/ros/humble/bin:/usr/local/sbin:/usr/local/bin:/usr/sbin:/usr/bin:/sbin:/bin'), ('DISPLAY', ':1'), ('LS_COLORS', 'rs=0:di=01;34:ln=01;36:mh=00:pi=40;33:so=01;35:do=01;35:bd=40;33;01:cd=40;33;01:or=40;31;01:mi=00:su=37;41:sg=30;43:ca=30;41:tw=30;42:ow=34;42:st=37;44:ex=01;32:*.tar=01;31:*.tgz=01;31:*.arc=01;31:*.arj=01;31:*.taz=01;31:*.lha=01;31:*.lz4=01;31:*.lzh=01;31:*.lzma=01;31:*.tlz=01;31:*.txz=01;31:*.tzo=01;31:*.t7z=01;31:*.zip=01;31:*.z=01;31:*.dz=01;31:*.gz=01;31:*.lrz=01;31:*.lz=01;31:*.lzo=01;31:*.xz=01;31:*.zst=01;31:*.tzst=01;31:*.bz2=01;31:*.bz=01;31:*.tbz=01;31:*.tbz2=01;31:*.tz=01;31:*.deb=01;31:*.rpm=01;31:*.jar=01;31:*.war=01;31:*.ear=01;31:*.sar=01;31:*.rar=01;31:*.alz=01;31:*.ace=01;31:*.zoo=01;31:*.cpio=01;31:*.7z=01;31:*.rz=01;31:*.cab=01;31:*.wim=01;31:*.swm=01;31:*.dwm=01;31:*.esd=01;31:*.jpg=01;35:*.jpeg=01;35:*.mjpg=01;35:*.mjpeg=01;35:*.gif=01;35:*.bmp=01;35:*.pbm=01;35:*.pgm=01;35:*.ppm=01;35:*.tga=01;35:*.xbm=01;35:*.xpm=01;35:*.tif=01;35:*.tiff=01;35:*.png=01;35:*.svg=01;35:*.svgz=01;35:*.mng=01;35:*.pcx=01;35:*.mov=01;35:*.mpg=01;35:*.mpeg=01;35:*.m2v=01;35:*.mkv=01;35:*.webm=01;35:*.webp=01;35:*.ogm=01;35:*.mp4=01;35:*.m4v=01;35:*.mp4v=01;35:*.vob=01;35:*.qt=01;35:*.nuv=01;35:*.wmv=01;35:*.asf=01;35:*.rm=01;35:*.rmvb=01;35:*.flc=01;35:*.avi=01;35:*.fli=01;35:*.flv=01;35:*.gl=01;35:*.dl=01;35:*.xcf=01;35:*.xwd=01;35:*.yuv=01;35:*.cgm=01;35:*.emf=01;35:*.ogv=01;35:*.ogx=01;35:*.aac=00;36:*.au=00;36:*.flac=00;36:*.m4a=00;36:*.mid=00;36:*.midi=00;36:*.mka=00;36:*.mp3=00;36:*.mpc=00;36:*.ogg=00;36:*.ra=00;36:*.wav=00;36:*.oga=00;36:*.opus=00;36:*.spx=00;36:*.xspf=00;36:'), ('AMENT_PREFIX_PATH', '/home/test_ws/install/test_a_msgs:/opt/ros/humble'), ('LESSCLOSE', '/usr/bin/lesspipe %s %s'), ('PWD', '/home/test_ws/build/test_pkg'), ('PYTHONPATH', '/home/test_ws/install/test_a_msgs/local/lib/python3.10/dist-packages:/opt/ros/humble/lib/python3.10/site-packages:/opt/ros/humble/local/lib/python3.10/dist-packages'), ('TZ', 'America/Los_Angeles'), ('COLCON', '1'), ('CMAKE_PREFIX_PATH', '/home/test_ws/install/test_a_msgs:/opt/ros/humble')]), 'shell': False}
[0.399715] (-) TimerEvent: {}
[0.412104] (test_pkg) StdoutLine: {'line': b'[ 50%] \x1b[32mBuilding CXX object CMakeFiles/test_node.dir/src/test_node.cpp.o\x1b[0m\n'}
[0.418581] (test_pkg) StderrLine: {'line': b'\x1b[01m\x1b[K/home/test_ws/src/test_pkg/src/test_node.cpp:1:10:\x1b[m\x1b[K \x1b[01;31m\x1b[Kfatal error: \x1b[m\x1b[Krclcpp/rclcpp.hpp: No such file or directory\n'}
[0.418817] (test_pkg) StderrLine: {'line': b'    1 | #include \x1b[01;31m\x1b[K<rclcpp/rclcpp.hpp>\x1b[m\x1b[K\n'}
[0.418888] (test_pkg) StderrLine: {'line': b'      |          \x1b[01;31m\x1b[K^~~~~~~~~~~~~~~~~~~\x1b[m\x1b[K\n'}
[0.418952] (test_pkg) StderrLine: {'line': b'compilation terminated.\n'}
[0.419351] (test_pkg) StderrLine: {'line': b'gmake[2]: *** [CMakeFiles/test_node.dir/build.make:76: CMakeFiles/test_node.dir/src/test_node.cpp.o] Error 1\n'}
[0.419561] (test_pkg) StderrLine: {'line': b'gmake[1]: *** [CMakeFiles/Makefile2:137: CMakeFiles/test_node.dir/all] Error 2\n'}
[0.419765] (test_pkg) StderrLine: {'line': b'gmake: *** [Makefile:146: all] Error 2\n'}
[0.421623] (test_pkg) CommandEnded: {'returncode': 2}
[0.438875] (test_pkg) JobEnded: {'identifier': 'test_pkg', 'rc': 2}
[0.449644] (-) EventReactorShutdown: {}
