[0.006s] Invoking command in '/home/test_ws/build/test_pkg': AMENT_PREFIX_PATH=/home/test_ws/install/test_a_msgs:${AMENT_PREFIX_PATH} CMAKE_PREFIX_PATH=/home/test_ws/install/test_a_msgs:/opt/ros/humble LD_LIBRARY_PATH=/home/test_ws/install/test_a_msgs/lib:${LD_LIBRARY_PATH} PYTHONPATH=/home/test_ws/install/test_a_msgs/local/lib/python3.10/dist-packages:${PYTHONPATH} /usr/bin/cmake --build /home/test_ws/build/test_pkg -- -j12 -l12
[0.041s] [35m[1mConsolidate compiler generated dependencies of target test_node[0m
[0.055s] [ 50%] [32mBuilding CXX object CMakeFiles/test_node.dir/src/test_node.cpp.o[0m
[1.548s] [01m[K/home/test_ws/src/test_pkg/src/test_node.cpp:15:23:[m[K [01;31m[Kerror: [m[Kâ€˜[01m[Ktest_a_msgs[m[Kâ€™ was not declared in this scope
[1.549s]    15 |     rclcpp::Publisher<[01;31m[Ktest_a_msgs[m[K::msg::Test>::SharedPtr pub_;
[1.549s]       |                       [01;31m[K^~~~~~~~~~~[m[K
[1.549s] [01m[K/home/test_ws/src/test_pkg/src/test_node.cpp:15:45:[m[K [01;31m[Kerror: [m[Ktemplate argument 1 is invalid
[1.549s]    15 |     rclcpp::Publisher<test_a_msgs::msg::Test[01;31m[K>[m[K::SharedPtr pub_;
[1.549s]       |                                             [01;31m[K^[m[K
[1.549s] [01m[K/home/test_ws/src/test_pkg/src/test_node.cpp:15:48:[m[K [01;31m[Kerror: [m[Kexpected â€˜[01m[K;[m[Kâ€™ at end of member declaration
[1.549s]    15 |     rclcpp::Publisher<test_a_msgs::msg::Test>::[01;31m[KSharedPtr[m[K pub_;
[1.549s]       |                                                [01;31m[K^~~~~~~~~[m[K
[1.549s]       |                                                         [32m[K;[m[K
[1.550s] [01m[K/home/test_ws/src/test_pkg/src/test_node.cpp:15:58:[m[K [01;31m[Kerror: [m[Kâ€˜[01m[Kpub_[m[Kâ€™ does not name a type
[1.550s]    15 |     rclcpp::Publisher<test_a_msgs::msg::Test>::SharedPtr [01;31m[Kpub_[m[K;
[1.550s]       |                                                          [01;31m[K^~~~[m[K
[1.553s] [01m[K/home/test_ws/src/test_pkg/src/test_node.cpp:[m[K In constructor â€˜[01m[KTestNode::TestNode()[m[Kâ€™:
[1.553s] [01m[K/home/test_ws/src/test_pkg/src/test_node.cpp:7:9:[m[K [01;31m[Kerror: [m[Kâ€˜[01m[Kpub_[m[Kâ€™ was not declared in this scope
[1.553s]     7 |         [01;31m[Kpub_[m[K = this->create_publisher<test_a_msgs::msg::Test>("test_topic", 10);
[1.553s]       |         [01;31m[K^~~~[m[K
[1.557s] [01m[K/home/test_ws/src/test_pkg/src/test_node.cpp:7:39:[m[K [01;31m[Kerror: [m[Kâ€˜[01m[Ktest_a_msgs[m[Kâ€™ was not declared in this scope
[1.557s]     7 |         pub_ = this->create_publisher<[01;31m[Ktest_a_msgs[m[K::msg::Test>("test_topic", 10);
[1.557s]       |                                       [01;31m[K^~~~~~~~~~~[m[K
[1.557s] [01m[K/home/test_ws/src/test_pkg/src/test_node.cpp:7:22:[m[K [01;31m[Kerror: [m[Kparse error in template argument list
[1.558s]     7 |         pub_ = this->[01;31m[Kcreate_publisher<test_a_msgs::msg::Test>[m[K("test_topic", 10);
[1.558s]       |                      [01;31m[K^~~~~~~~~~~~~~~~~~~~~~~~~~~~~~~~~~~~~~~~[m[K
[1.558s] [01m[K/home/test_ws/src/test_pkg/src/test_node.cpp:7:62:[m[K [01;31m[Kerror: [m[Kno matching function for call to â€˜[01m[KTestNode::create_publisher<<expression error> >(const char [11], int)[m[Kâ€™
[1.558s]     7 |         pub_ = [01;31m[Kthis->create_publisher<test_a_msgs::msg::Test>("test_topic", 10)[m[K;
[1.558s]       |                [01;31m[K~~~~~~~~~~~~~~~~~~~~~~~~~~~~~~~~~~~~~~~~~~~~~~^~~~~~~~~~~~~~~~~~[m[K
[1.558s] In file included from [01m[K/opt/ros/humble/include/rclcpp/rclcpp/executors/single_threaded_executor.hpp:28[m[K,
[1.558s]                  from [01m[K/opt/ros/humble/include/rclcpp/rclcpp/executors.hpp:22[m[K,
[1.558s]                  from [01m[K/opt/ros/humble/include/rclcpp/rclcpp/rclcpp.hpp:155[m[K,
[1.558s]                  from [01m[K/home/test_ws/src/test_pkg/src/test_node.cpp:1[m[K:
[1.558s] [01m[K/opt/ros/humble/include/rclcpp/rclcpp/node.hpp:195:3:[m[K [01;36m[Knote: [m[Kcandidate: â€˜[01m[Ktemplate<class MessageT, class AllocatorT, class PublisherT> std::shared_ptr<PublisherT> rclcpp::Node::create_publisher(const string&, const rclcpp::QoS&, const rclcpp::PublisherOptionsWithAllocator<AllocatorT>&)[m[Kâ€™
[1.558s]   195 |   [01;36m[Kcreate_publisher[m[K(
[1.558s]       |   [01;36m[K^~~~~~~~~~~~~~~~[m[K
[1.559s] [01m[K/opt/ros/humble/include/rclcpp/rclcpp/node.hpp:195:3:[m[K [01;36m[Knote: [m[K  template argument deduction/substitution failed:
[1.559s] [01m[K/home/test_ws/src/test_pkg/src/test_node.cpp:7:62:[m[K [01;31m[Kerror: [m[Ktemplate argument 1 is invalid
[1.559s]     7 |         pub_ = [01;31m[Kthis->create_publisher<test_a_msgs::msg::Test>("test_topic", 10)[m[K;
[1.559s]       |                [01;31m[K~~~~~~~~~~~~~~~~~~~~~~~~~~~~~~~~~~~~~~~~~~~~~~^~~~~~~~~~~~~~~~~~[m[K
[1.559s] [01m[K/home/test_ws/src/test_pkg/src/test_node.cpp:[m[K In lambda function:
[1.559s] [01m[K/home/test_ws/src/test_pkg/src/test_node.cpp:9:24:[m[K [01;31m[Kerror: [m[Kâ€˜[01m[Ktest_a_msgs[m[Kâ€™ is not a class, namespace, or enumeration
[1.559s]     9 |             auto msg = [01;31m[Ktest_a_msgs[m[K::msg::Test();
[1.559s]       |                        [01;31m[K^~~~~~~~~~~[m[K
[1.559s] [01m[K/home/test_ws/src/test_pkg/src/test_node.cpp:11:13:[m[K [01;31m[Kerror: [m[Kâ€˜[01m[Kpub_[m[Kâ€™ is not captured
[1.559s]    11 |             [01;31m[Kpub_[m[K->publish(msg);
[1.559s]       |             [01;31m[K^~~~[m[K
[1.559s] [01m[K/home/test_ws/src/test_pkg/src/test_node.cpp:8:76:[m[K [01;36m[Knote: [m[Kthe lambda has no capture-default
[1.559s]     8 |         auto timer = this->create_wall_timer(std::chrono::seconds(1), [this[01;36m[K][m[K() {
[1.560s]       |                                                                            [01;36m[K^[m[K
[1.560s] [01m[K/home/test_ws/src/test_pkg/src/test_node.cpp:7:9:[m[K [01;36m[Knote: [m[Kâ€˜[01m[K<typeprefixerror>pub_[m[Kâ€™ declared here
[1.560s]     7 |         [01;36m[Kpub_[m[K = this->create_publisher<test_a_msgs::msg::Test>("test_topic", 10);
[1.560s]       |         [01;36m[K^~~~[m[K
[1.855s] gmake[2]: *** [CMakeFiles/test_node.dir/build.make:76: CMakeFiles/test_node.dir/src/test_node.cpp.o] Error 1
[1.855s] gmake[1]: *** [CMakeFiles/Makefile2:137: CMakeFiles/test_node.dir/all] Error 2
[1.855s] gmake: *** [Makefile:146: all] Error 2
[1.858s] Invoked command in '/home/test_ws/build/test_pkg' returned '2': AMENT_PREFIX_PATH=/home/test_ws/install/test_a_msgs:${AMENT_PREFIX_PATH} CMAKE_PREFIX_PATH=/home/test_ws/install/test_a_msgs:/opt/ros/humble LD_LIBRARY_PATH=/home/test_ws/install/test_a_msgs/lib:${LD_LIBRARY_PATH} PYTHONPATH=/home/test_ws/install/test_a_msgs/local/lib/python3.10/dist-packages:${PYTHONPATH} /usr/bin/cmake --build /home/test_ws/build/test_pkg -- -j12 -l12
