[0.000000] (-) TimerEvent: {}
[0.000463] (test_a_msgs) JobQueued: {'identifier': 'test_a_msgs', 'dependencies': OrderedDict()}
[0.000517] (test_pkg) JobQueued: {'identifier': 'test_pkg', 'dependencies': OrderedDict([('test_a_msgs', '/home/test_ws/install/test_a_msgs')])}
[0.000577] (test_a_msgs) JobStarted: {'identifier': 'test_a_msgs'}
[0.006568] (test_a_msgs) JobProgress: {'identifier': 'test_a_msgs', 'progress': 'cmake'}
[0.006897] (test_a_msgs) JobProgress: {'identifier': 'test_a_msgs', 'progress': 'build'}
[0.007317] (test_a_msgs) Command: {'cmd': ['/usr/bin/cmake', '--build', '/home/test_ws/build/test_a_msgs', '--', '-j12', '-l12'], 'cwd': '/home/test_ws/build/test_a_msgs', 'env': OrderedDict([('LESSOPEN', '| /usr/bin/lesspipe %s'), ('HOSTNAME', 'mochi'), ('SHLVL', '1'), ('LD_LIBRARY_PATH', '/opt/ros/humble/lib/x86_64-linux-gnu:/opt/ros/humble/lib'), ('HOME', '/root'), ('OLDPWD', '/home/test_ws/src/test_pkg'), ('ROS_PYTHON_VERSION', '3'), ('LC_CTYPE', 'C.UTF-8'), ('ROS_DISTRO', 'humble'), ('_', '/usr/bin/colcon'), ('ROS_VERSION', '2'), ('TERM', 'xterm'), ('ROS_LOCALHOST_ONLY', '0'), ('QT_X11_NO_MITSHM', '1'), ('PATH', '/opt/ros/humble/bin:/usr/local/sbin:/usr/local/bin:/usr/sbin:/usr/bin:/sbin:/bin'), ('DISPLAY', ':1'), ('LS_COLORS', 'rs=0:di=01;34:ln=01;36:mh=00:pi=40;33:so=01;35:do=01;35:bd=40;33;01:cd=40;33;01:or=40;31;01:mi=00:su=37;41:sg=30;43:ca=30;41:tw=30;42:ow=34;42:st=37;44:ex=01;32:*.tar=01;31:*.tgz=01;31:*.arc=01;31:*.arj=01;31:*.taz=01;31:*.lha=01;31:*.lz4=01;31:*.lzh=01;31:*.lzma=01;31:*.tlz=01;31:*.txz=01;31:*.tzo=01;31:*.t7z=01;31:*.zip=01;31:*.z=01;31:*.dz=01;31:*.gz=01;31:*.lrz=01;31:*.lz=01;31:*.lzo=01;31:*.xz=01;31:*.zst=01;31:*.tzst=01;31:*.bz2=01;31:*.bz=01;31:*.tbz=01;31:*.tbz2=01;31:*.tz=01;31:*.deb=01;31:*.rpm=01;31:*.jar=01;31:*.war=01;31:*.ear=01;31:*.sar=01;31:*.rar=01;31:*.alz=01;31:*.ace=01;31:*.zoo=01;31:*.cpio=01;31:*.7z=01;31:*.rz=01;31:*.cab=01;31:*.wim=01;31:*.swm=01;31:*.dwm=01;31:*.esd=01;31:*.jpg=01;35:*.jpeg=01;35:*.mjpg=01;35:*.mjpeg=01;35:*.gif=01;35:*.bmp=01;35:*.pbm=01;35:*.pgm=01;35:*.ppm=01;35:*.tga=01;35:*.xbm=01;35:*.xpm=01;35:*.tif=01;35:*.tiff=01;35:*.png=01;35:*.svg=01;35:*.svgz=01;35:*.mng=01;35:*.pcx=01;35:*.mov=01;35:*.mpg=01;35:*.mpeg=01;35:*.m2v=01;35:*.mkv=01;35:*.webm=01;35:*.webp=01;35:*.ogm=01;35:*.mp4=01;35:*.m4v=01;35:*.mp4v=01;35:*.vob=01;35:*.qt=01;35:*.nuv=01;35:*.wmv=01;35:*.asf=01;35:*.rm=01;35:*.rmvb=01;35:*.flc=01;35:*.avi=01;35:*.fli=01;35:*.flv=01;35:*.gl=01;35:*.dl=01;35:*.xcf=01;35:*.xwd=01;35:*.yuv=01;35:*.cgm=01;35:*.emf=01;35:*.ogv=01;35:*.ogx=01;35:*.aac=00;36:*.au=00;36:*.flac=00;36:*.m4a=00;36:*.mid=00;36:*.midi=00;36:*.mka=00;36:*.mp3=00;36:*.mpc=00;36:*.ogg=00;36:*.ra=00;36:*.wav=00;36:*.oga=00;36:*.opus=00;36:*.spx=00;36:*.xspf=00;36:'), ('AMENT_PREFIX_PATH', '/opt/ros/humble'), ('LESSCLOSE', '/usr/bin/lesspipe %s %s'), ('PWD', '/home/test_ws/build/test_a_msgs'), ('PYTHONPATH', '/opt/ros/humble/lib/python3.10/site-packages:/opt/ros/humble/local/lib/python3.10/dist-packages'), ('TZ', 'America/Los_Angeles'), ('COLCON', '1'), ('CMAKE_PREFIX_PATH', '/opt/ros/humble')]), 'shell': False}
[0.040600] (test_a_msgs) StdoutLine: {'line': b'[  3%] Built target test_a_msgs__cpp\n'}
[0.044319] (test_a_msgs) StdoutLine: {'line': b'[ 12%] Built target test_a_msgs__rosidl_generator_c\n'}
[0.052703] (test_a_msgs) StdoutLine: {'line': b'[ 12%] Built target ament_cmake_python_copy_test_a_msgs\n'}
[0.057281] (test_a_msgs) StdoutLine: {'line': b'[ 22%] Built target test_a_msgs__rosidl_typesupport_introspection_cpp\n'}
[0.058824] (test_a_msgs) StdoutLine: {'line': b'[ 32%] Built target test_a_msgs__rosidl_typesupport_cpp\n'}
[0.060373] (test_a_msgs) StdoutLine: {'line': b'[ 41%] Built target test_a_msgs__rosidl_typesupport_fastrtps_c\n'}
[0.063839] (test_a_msgs) StdoutLine: {'line': b'[ 51%] Built target test_a_msgs__rosidl_typesupport_c\n'}
[0.064663] (test_a_msgs) StdoutLine: {'line': b'[ 61%] Built target test_a_msgs__rosidl_typesupport_fastrtps_cpp\n'}
[0.067491] (test_a_msgs) StdoutLine: {'line': b'[ 70%] Built target test_a_msgs__rosidl_typesupport_introspection_c\n'}
[0.080212] (test_a_msgs) StdoutLine: {'line': b'[ 70%] Built target test_a_msgs\n'}
[0.092604] (test_a_msgs) StdoutLine: {'line': b'[ 74%] Built target test_a_msgs__py\n'}
[0.099780] (-) TimerEvent: {}
[0.106476] (test_a_msgs) StdoutLine: {'line': b'[ 80%] Built target test_a_msgs__rosidl_generator_py\n'}
[0.121906] (test_a_msgs) StdoutLine: {'line': b'[ 87%] Built target test_a_msgs__rosidl_typesupport_c__pyext\n'}
[0.127896] (test_a_msgs) StdoutLine: {'line': b'[ 93%] Built target test_a_msgs__rosidl_typesupport_fastrtps_c__pyext\n'}
[0.129479] (test_a_msgs) StdoutLine: {'line': b'[100%] Built target test_a_msgs__rosidl_typesupport_introspection_c__pyext\n'}
[0.181556] (test_a_msgs) StdoutLine: {'line': b'running egg_info\n'}
[0.181921] (test_a_msgs) StdoutLine: {'line': b'writing test_a_msgs.egg-info/PKG-INFO\n'}
[0.182170] (test_a_msgs) StdoutLine: {'line': b'writing dependency_links to test_a_msgs.egg-info/dependency_links.txt\n'}
[0.182275] (test_a_msgs) StdoutLine: {'line': b'writing top-level names to test_a_msgs.egg-info/top_level.txt\n'}
[0.183245] (test_a_msgs) StdoutLine: {'line': b"reading manifest file 'test_a_msgs.egg-info/SOURCES.txt'\n"}
[0.183648] (test_a_msgs) StdoutLine: {'line': b"writing manifest file 'test_a_msgs.egg-info/SOURCES.txt'\n"}
[0.199962] (-) TimerEvent: {}
[0.201189] (test_a_msgs) StdoutLine: {'line': b'[100%] Built target ament_cmake_python_build_test_a_msgs_egg\n'}
[0.208726] (test_a_msgs) CommandEnded: {'returncode': 0}
[0.241268] (test_a_msgs) JobProgress: {'identifier': 'test_a_msgs', 'progress': 'install'}
[0.247898] (test_a_msgs) Command: {'cmd': ['/usr/bin/cmake', '--install', '/home/test_ws/build/test_a_msgs'], 'cwd': '/home/test_ws/build/test_a_msgs', 'env': OrderedDict([('LESSOPEN', '| /usr/bin/lesspipe %s'), ('HOSTNAME', 'mochi'), ('SHLVL', '1'), ('LD_LIBRARY_PATH', '/opt/ros/humble/lib/x86_64-linux-gnu:/opt/ros/humble/lib'), ('HOME', '/root'), ('OLDPWD', '/home/test_ws/src/test_pkg'), ('ROS_PYTHON_VERSION', '3'), ('LC_CTYPE', 'C.UTF-8'), ('ROS_DISTRO', 'humble'), ('_', '/usr/bin/colcon'), ('ROS_VERSION', '2'), ('TERM', 'xterm'), ('ROS_LOCALHOST_ONLY', '0'), ('QT_X11_NO_MITSHM', '1'), ('PATH', '/opt/ros/humble/bin:/usr/local/sbin:/usr/local/bin:/usr/sbin:/usr/bin:/sbin:/bin'), ('DISPLAY', ':1'), ('LS_COLORS', 'rs=0:di=01;34:ln=01;36:mh=00:pi=40;33:so=01;35:do=01;35:bd=40;33;01:cd=40;33;01:or=40;31;01:mi=00:su=37;41:sg=30;43:ca=30;41:tw=30;42:ow=34;42:st=37;44:ex=01;32:*.tar=01;31:*.tgz=01;31:*.arc=01;31:*.arj=01;31:*.taz=01;31:*.lha=01;31:*.lz4=01;31:*.lzh=01;31:*.lzma=01;31:*.tlz=01;31:*.txz=01;31:*.tzo=01;31:*.t7z=01;31:*.zip=01;31:*.z=01;31:*.dz=01;31:*.gz=01;31:*.lrz=01;31:*.lz=01;31:*.lzo=01;31:*.xz=01;31:*.zst=01;31:*.tzst=01;31:*.bz2=01;31:*.bz=01;31:*.tbz=01;31:*.tbz2=01;31:*.tz=01;31:*.deb=01;31:*.rpm=01;31:*.jar=01;31:*.war=01;31:*.ear=01;31:*.sar=01;31:*.rar=01;31:*.alz=01;31:*.ace=01;31:*.zoo=01;31:*.cpio=01;31:*.7z=01;31:*.rz=01;31:*.cab=01;31:*.wim=01;31:*.swm=01;31:*.dwm=01;31:*.esd=01;31:*.jpg=01;35:*.jpeg=01;35:*.mjpg=01;35:*.mjpeg=01;35:*.gif=01;35:*.bmp=01;35:*.pbm=01;35:*.pgm=01;35:*.ppm=01;35:*.tga=01;35:*.xbm=01;35:*.xpm=01;35:*.tif=01;35:*.tiff=01;35:*.png=01;35:*.svg=01;35:*.svgz=01;35:*.mng=01;35:*.pcx=01;35:*.mov=01;35:*.mpg=01;35:*.mpeg=01;35:*.m2v=01;35:*.mkv=01;35:*.webm=01;35:*.webp=01;35:*.ogm=01;35:*.mp4=01;35:*.m4v=01;35:*.mp4v=01;35:*.vob=01;35:*.qt=01;35:*.nuv=01;35:*.wmv=01;35:*.asf=01;35:*.rm=01;35:*.rmvb=01;35:*.flc=01;35:*.avi=01;35:*.fli=01;35:*.flv=01;35:*.gl=01;35:*.dl=01;35:*.xcf=01;35:*.xwd=01;35:*.yuv=01;35:*.cgm=01;35:*.emf=01;35:*.ogv=01;35:*.ogx=01;35:*.aac=00;36:*.au=00;36:*.flac=00;36:*.m4a=00;36:*.mid=00;36:*.midi=00;36:*.mka=00;36:*.mp3=00;36:*.mpc=00;36:*.ogg=00;36:*.ra=00;36:*.wav=00;36:*.oga=00;36:*.opus=00;36:*.spx=00;36:*.xspf=00;36:'), ('AMENT_PREFIX_PATH', '/opt/ros/humble'), ('LESSCLOSE', '/usr/bin/lesspipe %s %s'), ('PWD', '/home/test_ws/build/test_a_msgs'), ('PYTHONPATH', '/opt/ros/humble/lib/python3.10/site-packages:/opt/ros/humble/local/lib/python3.10/dist-packages'), ('TZ', 'America/Los_Angeles'), ('COLCON', '1'), ('CMAKE_PREFIX_PATH', '/opt/ros/humble')]), 'shell': False}
[0.253604] (test_a_msgs) StdoutLine: {'line': b'-- Install configuration: ""\n'}
[0.253943] (test_a_msgs) StdoutLine: {'line': b'-- Up-to-date: /home/test_ws/install/test_a_msgs/share/ament_index/resource_index/rosidl_interfaces/test_a_msgs\n'}
[0.254176] (test_a_msgs) StdoutLine: {'line': b'-- Up-to-date: /home/test_ws/install/test_a_msgs/include/test_a_msgs/test_a_msgs\n'}
[0.254311] (test_a_msgs) StdoutLine: {'line': b'-- Up-to-date: /home/test_ws/install/test_a_msgs/include/test_a_msgs/test_a_msgs/msg\n'}
[0.254453] (test_a_msgs) StdoutLine: {'line': b'-- Up-to-date: /home/test_ws/install/test_a_msgs/include/test_a_msgs/test_a_msgs/msg/test.h\n'}
[0.254550] (test_a_msgs) StdoutLine: {'line': b'-- Up-to-date: /home/test_ws/install/test_a_msgs/include/test_a_msgs/test_a_msgs/msg/detail\n'}
[0.254658] (test_a_msgs) StdoutLine: {'line': b'-- Up-to-date: /home/test_ws/install/test_a_msgs/include/test_a_msgs/test_a_msgs/msg/detail/test__type_support.h\n'}
[0.254753] (test_a_msgs) StdoutLine: {'line': b'-- Up-to-date: /home/test_ws/install/test_a_msgs/include/test_a_msgs/test_a_msgs/msg/detail/test__struct.h\n'}
[0.254844] (test_a_msgs) StdoutLine: {'line': b'-- Up-to-date: /home/test_ws/install/test_a_msgs/include/test_a_msgs/test_a_msgs/msg/detail/test__functions.h\n'}
[0.254944] (test_a_msgs) StdoutLine: {'line': b'-- Up-to-date: /home/test_ws/install/test_a_msgs/include/test_a_msgs/test_a_msgs/msg/detail/test__functions.c\n'}
[0.255037] (test_a_msgs) StdoutLine: {'line': b'-- Up-to-date: /home/test_ws/install/test_a_msgs/include/test_a_msgs/test_a_msgs/msg/rosidl_generator_c__visibility_control.h\n'}
[0.255132] (test_a_msgs) StdoutLine: {'line': b'-- Up-to-date: /home/test_ws/install/test_a_msgs/share/test_a_msgs/environment/library_path.sh\n'}
[0.255225] (test_a_msgs) StdoutLine: {'line': b'-- Up-to-date: /home/test_ws/install/test_a_msgs/share/test_a_msgs/environment/library_path.dsv\n'}
[0.255353] (test_a_msgs) StdoutLine: {'line': b'-- Up-to-date: /home/test_ws/install/test_a_msgs/lib/libtest_a_msgs__rosidl_generator_c.so\n'}
[0.255437] (test_a_msgs) StdoutLine: {'line': b'-- Up-to-date: /home/test_ws/install/test_a_msgs/include/test_a_msgs/test_a_msgs\n'}
[0.255517] (test_a_msgs) StdoutLine: {'line': b'-- Up-to-date: /home/test_ws/install/test_a_msgs/include/test_a_msgs/test_a_msgs/msg\n'}
[0.255597] (test_a_msgs) StdoutLine: {'line': b'-- Up-to-date: /home/test_ws/install/test_a_msgs/include/test_a_msgs/test_a_msgs/msg/rosidl_typesupport_fastrtps_c__visibility_control.h\n'}
[0.255676] (test_a_msgs) StdoutLine: {'line': b'-- Up-to-date: /home/test_ws/install/test_a_msgs/include/test_a_msgs/test_a_msgs/msg/detail\n'}
[0.255760] (test_a_msgs) StdoutLine: {'line': b'-- Up-to-date: /home/test_ws/install/test_a_msgs/include/test_a_msgs/test_a_msgs/msg/detail/test__rosidl_typesupport_fastrtps_c.h\n'}
[0.255841] (test_a_msgs) StdoutLine: {'line': b'-- Up-to-date: /home/test_ws/install/test_a_msgs/lib/libtest_a_msgs__rosidl_typesupport_fastrtps_c.so\n'}
[0.255921] (test_a_msgs) StdoutLine: {'line': b'-- Up-to-date: /home/test_ws/install/test_a_msgs/include/test_a_msgs/test_a_msgs\n'}
[0.256012] (test_a_msgs) StdoutLine: {'line': b'-- Up-to-date: /home/test_ws/install/test_a_msgs/include/test_a_msgs/test_a_msgs/msg\n'}
[0.256094] (test_a_msgs) StdoutLine: {'line': b'-- Up-to-date: /home/test_ws/install/test_a_msgs/include/test_a_msgs/test_a_msgs/msg/rosidl_typesupport_introspection_c__visibility_control.h\n'}
[0.256175] (test_a_msgs) StdoutLine: {'line': b'-- Up-to-date: /home/test_ws/install/test_a_msgs/include/test_a_msgs/test_a_msgs/msg/detail\n'}
[0.256253] (test_a_msgs) StdoutLine: {'line': b'-- Up-to-date: /home/test_ws/install/test_a_msgs/include/test_a_msgs/test_a_msgs/msg/detail/test__type_support.c\n'}
[0.256334] (test_a_msgs) StdoutLine: {'line': b'-- Up-to-date: /home/test_ws/install/test_a_msgs/include/test_a_msgs/test_a_msgs/msg/detail/test__rosidl_typesupport_introspection_c.h\n'}
[0.256416] (test_a_msgs) StdoutLine: {'line': b'-- Up-to-date: /home/test_ws/install/test_a_msgs/lib/libtest_a_msgs__rosidl_typesupport_introspection_c.so\n'}
[0.256503] (test_a_msgs) StdoutLine: {'line': b'-- Up-to-date: /home/test_ws/install/test_a_msgs/lib/libtest_a_msgs__rosidl_typesupport_c.so\n'}
[0.256594] (test_a_msgs) StdoutLine: {'line': b'-- Up-to-date: /home/test_ws/install/test_a_msgs/include/test_a_msgs/test_a_msgs\n'}
[0.256724] (test_a_msgs) StdoutLine: {'line': b'-- Up-to-date: /home/test_ws/install/test_a_msgs/include/test_a_msgs/test_a_msgs/msg\n'}
[0.256779] (test_a_msgs) StdoutLine: {'line': b'-- Up-to-date: /home/test_ws/install/test_a_msgs/include/test_a_msgs/test_a_msgs/msg/test.hpp\n'}
[0.256815] (test_a_msgs) StdoutLine: {'line': b'-- Up-to-date: /home/test_ws/install/test_a_msgs/include/test_a_msgs/test_a_msgs/msg/detail\n'}
[0.256848] (test_a_msgs) StdoutLine: {'line': b'-- Up-to-date: /home/test_ws/install/test_a_msgs/include/test_a_msgs/test_a_msgs/msg/detail/test__struct.hpp\n'}
[0.256879] (test_a_msgs) StdoutLine: {'line': b'-- Up-to-date: /home/test_ws/install/test_a_msgs/include/test_a_msgs/test_a_msgs/msg/detail/test__builder.hpp\n'}
[0.256913] (test_a_msgs) StdoutLine: {'line': b'-- Up-to-date: /home/test_ws/install/test_a_msgs/include/test_a_msgs/test_a_msgs/msg/detail/test__traits.hpp\n'}
[0.256943] (test_a_msgs) StdoutLine: {'line': b'-- Up-to-date: /home/test_ws/install/test_a_msgs/include/test_a_msgs/test_a_msgs\n'}
[0.256974] (test_a_msgs) StdoutLine: {'line': b'-- Up-to-date: /home/test_ws/install/test_a_msgs/include/test_a_msgs/test_a_msgs/msg\n'}
[0.257005] (test_a_msgs) StdoutLine: {'line': b'-- Up-to-date: /home/test_ws/install/test_a_msgs/include/test_a_msgs/test_a_msgs/msg/rosidl_typesupport_fastrtps_cpp__visibility_control.h\n'}
[0.257036] (test_a_msgs) StdoutLine: {'line': b'-- Up-to-date: /home/test_ws/install/test_a_msgs/include/test_a_msgs/test_a_msgs/msg/detail\n'}
[0.257067] (test_a_msgs) StdoutLine: {'line': b'-- Up-to-date: /home/test_ws/install/test_a_msgs/include/test_a_msgs/test_a_msgs/msg/detail/dds_fastrtps\n'}
[0.257096] (test_a_msgs) StdoutLine: {'line': b'-- Up-to-date: /home/test_ws/install/test_a_msgs/include/test_a_msgs/test_a_msgs/msg/detail/test__rosidl_typesupport_fastrtps_cpp.hpp\n'}
[0.257126] (test_a_msgs) StdoutLine: {'line': b'-- Up-to-date: /home/test_ws/install/test_a_msgs/lib/libtest_a_msgs__rosidl_typesupport_fastrtps_cpp.so\n'}
[0.257155] (test_a_msgs) StdoutLine: {'line': b'-- Up-to-date: /home/test_ws/install/test_a_msgs/include/test_a_msgs/test_a_msgs\n'}
[0.257188] (test_a_msgs) StdoutLine: {'line': b'-- Up-to-date: /home/test_ws/install/test_a_msgs/include/test_a_msgs/test_a_msgs/msg\n'}
[0.257217] (test_a_msgs) StdoutLine: {'line': b'-- Up-to-date: /home/test_ws/install/test_a_msgs/include/test_a_msgs/test_a_msgs/msg/detail\n'}
[0.257245] (test_a_msgs) StdoutLine: {'line': b'-- Up-to-date: /home/test_ws/install/test_a_msgs/include/test_a_msgs/test_a_msgs/msg/detail/test__type_support.cpp\n'}
[0.257272] (test_a_msgs) StdoutLine: {'line': b'-- Up-to-date: /home/test_ws/install/test_a_msgs/include/test_a_msgs/test_a_msgs/msg/detail/test__rosidl_typesupport_introspection_cpp.hpp\n'}
[0.257300] (test_a_msgs) StdoutLine: {'line': b'-- Up-to-date: /home/test_ws/install/test_a_msgs/lib/libtest_a_msgs__rosidl_typesupport_introspection_cpp.so\n'}
[0.257328] (test_a_msgs) StdoutLine: {'line': b'-- Up-to-date: /home/test_ws/install/test_a_msgs/lib/libtest_a_msgs__rosidl_typesupport_cpp.so\n'}
[0.257357] (test_a_msgs) StdoutLine: {'line': b'-- Up-to-date: /home/test_ws/install/test_a_msgs/share/test_a_msgs/environment/pythonpath.sh\n'}
[0.257385] (test_a_msgs) StdoutLine: {'line': b'-- Up-to-date: /home/test_ws/install/test_a_msgs/share/test_a_msgs/environment/pythonpath.dsv\n'}
[0.257412] (test_a_msgs) StdoutLine: {'line': b'-- Up-to-date: /home/test_ws/install/test_a_msgs/local/lib/python3.10/dist-packages/test_a_msgs-0.0.1-py3.10.egg-info\n'}
[0.257442] (test_a_msgs) StdoutLine: {'line': b'-- Installing: /home/test_ws/install/test_a_msgs/local/lib/python3.10/dist-packages/test_a_msgs-0.0.1-py3.10.egg-info/dependency_links.txt\n'}
[0.257473] (test_a_msgs) StdoutLine: {'line': b'-- Installing: /home/test_ws/install/test_a_msgs/local/lib/python3.10/dist-packages/test_a_msgs-0.0.1-py3.10.egg-info/top_level.txt\n'}
[0.257502] (test_a_msgs) StdoutLine: {'line': b'-- Installing: /home/test_ws/install/test_a_msgs/local/lib/python3.10/dist-packages/test_a_msgs-0.0.1-py3.10.egg-info/PKG-INFO\n'}
[0.257530] (test_a_msgs) StdoutLine: {'line': b'-- Installing: /home/test_ws/install/test_a_msgs/local/lib/python3.10/dist-packages/test_a_msgs-0.0.1-py3.10.egg-info/SOURCES.txt\n'}
[0.257562] (test_a_msgs) StdoutLine: {'line': b'-- Up-to-date: /home/test_ws/install/test_a_msgs/local/lib/python3.10/dist-packages/test_a_msgs\n'}
[0.257591] (test_a_msgs) StdoutLine: {'line': b'-- Up-to-date: /home/test_ws/install/test_a_msgs/local/lib/python3.10/dist-packages/test_a_msgs/test_a_msgs_s__rosidl_typesupport_c.cpython-310-x86_64-linux-gnu.so\n'}
[0.257620] (test_a_msgs) StdoutLine: {'line': b'-- Up-to-date: /home/test_ws/install/test_a_msgs/local/lib/python3.10/dist-packages/test_a_msgs/_test_a_msgs_s.ep.rosidl_typesupport_c.c\n'}
[0.257654] (test_a_msgs) StdoutLine: {'line': b'-- Up-to-date: /home/test_ws/install/test_a_msgs/local/lib/python3.10/dist-packages/test_a_msgs/test_a_msgs_s__rosidl_typesupport_introspection_c.cpython-310-x86_64-linux-gnu.so\n'}
[0.257686] (test_a_msgs) StdoutLine: {'line': b'-- Up-to-date: /home/test_ws/install/test_a_msgs/local/lib/python3.10/dist-packages/test_a_msgs/_test_a_msgs_s.ep.rosidl_typesupport_fastrtps_c.c\n'}
[0.257715] (test_a_msgs) StdoutLine: {'line': b'-- Up-to-date: /home/test_ws/install/test_a_msgs/local/lib/python3.10/dist-packages/test_a_msgs/__init__.py\n'}
[0.257743] (test_a_msgs) StdoutLine: {'line': b'-- Up-to-date: /home/test_ws/install/test_a_msgs/local/lib/python3.10/dist-packages/test_a_msgs/_test_a_msgs_s.ep.rosidl_typesupport_introspection_c.c\n'}
[0.257772] (test_a_msgs) StdoutLine: {'line': b'-- Up-to-date: /home/test_ws/install/test_a_msgs/local/lib/python3.10/dist-packages/test_a_msgs/msg\n'}
[0.257801] (test_a_msgs) StdoutLine: {'line': b'-- Up-to-date: /home/test_ws/install/test_a_msgs/local/lib/python3.10/dist-packages/test_a_msgs/msg/_test_s.c\n'}
[0.257830] (test_a_msgs) StdoutLine: {'line': b'-- Up-to-date: /home/test_ws/install/test_a_msgs/local/lib/python3.10/dist-packages/test_a_msgs/msg/__init__.py\n'}
[0.257869] (test_a_msgs) StdoutLine: {'line': b'-- Up-to-date: /home/test_ws/install/test_a_msgs/local/lib/python3.10/dist-packages/test_a_msgs/msg/_test.py\n'}
[0.257898] (test_a_msgs) StdoutLine: {'line': b'-- Up-to-date: /home/test_ws/install/test_a_msgs/local/lib/python3.10/dist-packages/test_a_msgs/test_a_msgs_s__rosidl_typesupport_fastrtps_c.cpython-310-x86_64-linux-gnu.so\n'}
[0.257928] (test_a_msgs) StdoutLine: {'line': b'-- Up-to-date: /home/test_ws/install/test_a_msgs/local/lib/python3.10/dist-packages/test_a_msgs/libtest_a_msgs__rosidl_generator_py.so\n'}
[0.275387] (test_a_msgs) StdoutLine: {'line': b"Listing '/home/test_ws/install/test_a_msgs/local/lib/python3.10/dist-packages/test_a_msgs'...\n"}
[0.275534] (test_a_msgs) StdoutLine: {'line': b"Listing '/home/test_ws/install/test_a_msgs/local/lib/python3.10/dist-packages/test_a_msgs/msg'...\n"}
[0.278287] (test_a_msgs) StdoutLine: {'line': b'-- Up-to-date: /home/test_ws/install/test_a_msgs/local/lib/python3.10/dist-packages/test_a_msgs/test_a_msgs_s__rosidl_typesupport_fastrtps_c.cpython-310-x86_64-linux-gnu.so\n'}
[0.278462] (test_a_msgs) StdoutLine: {'line': b'-- Up-to-date: /home/test_ws/install/test_a_msgs/local/lib/python3.10/dist-packages/test_a_msgs/test_a_msgs_s__rosidl_typesupport_introspection_c.cpython-310-x86_64-linux-gnu.so\n'}
[0.278571] (test_a_msgs) StdoutLine: {'line': b'-- Up-to-date: /home/test_ws/install/test_a_msgs/local/lib/python3.10/dist-packages/test_a_msgs/test_a_msgs_s__rosidl_typesupport_c.cpython-310-x86_64-linux-gnu.so\n'}
[0.278658] (test_a_msgs) StdoutLine: {'line': b'-- Up-to-date: /home/test_ws/install/test_a_msgs/lib/libtest_a_msgs__rosidl_generator_py.so\n'}
[0.278774] (test_a_msgs) StdoutLine: {'line': b'-- Up-to-date: /home/test_ws/install/test_a_msgs/share/test_a_msgs/msg/Test.idl\n'}
[0.278896] (test_a_msgs) StdoutLine: {'line': b'-- Up-to-date: /home/test_ws/install/test_a_msgs/share/test_a_msgs/msg/Test.msg\n'}
[0.278993] (test_a_msgs) StdoutLine: {'line': b'-- Up-to-date: /home/test_ws/install/test_a_msgs/share/ament_index/resource_index/package_run_dependencies/test_a_msgs\n'}
[0.279086] (test_a_msgs) StdoutLine: {'line': b'-- Up-to-date: /home/test_ws/install/test_a_msgs/share/ament_index/resource_index/parent_prefix_path/test_a_msgs\n'}
[0.279178] (test_a_msgs) StdoutLine: {'line': b'-- Up-to-date: /home/test_ws/install/test_a_msgs/share/test_a_msgs/environment/ament_prefix_path.sh\n'}
[0.279278] (test_a_msgs) StdoutLine: {'line': b'-- Up-to-date: /home/test_ws/install/test_a_msgs/share/test_a_msgs/environment/ament_prefix_path.dsv\n'}
[0.279377] (test_a_msgs) StdoutLine: {'line': b'-- Up-to-date: /home/test_ws/install/test_a_msgs/share/test_a_msgs/environment/path.sh\n'}
[0.279469] (test_a_msgs) StdoutLine: {'line': b'-- Up-to-date: /home/test_ws/install/test_a_msgs/share/test_a_msgs/environment/path.dsv\n'}
[0.279562] (test_a_msgs) StdoutLine: {'line': b'-- Up-to-date: /home/test_ws/install/test_a_msgs/share/test_a_msgs/local_setup.bash\n'}
[0.279662] (test_a_msgs) StdoutLine: {'line': b'-- Up-to-date: /home/test_ws/install/test_a_msgs/share/test_a_msgs/local_setup.sh\n'}
[0.279769] (test_a_msgs) StdoutLine: {'line': b'-- Up-to-date: /home/test_ws/install/test_a_msgs/share/test_a_msgs/local_setup.zsh\n'}
[0.279869] (test_a_msgs) StdoutLine: {'line': b'-- Up-to-date: /home/test_ws/install/test_a_msgs/share/test_a_msgs/local_setup.dsv\n'}
[0.279974] (test_a_msgs) StdoutLine: {'line': b'-- Installing: /home/test_ws/install/test_a_msgs/share/test_a_msgs/package.dsv\n'}
[0.280079] (test_a_msgs) StdoutLine: {'line': b'-- Up-to-date: /home/test_ws/install/test_a_msgs/share/ament_index/resource_index/packages/test_a_msgs\n'}
[0.280189] (test_a_msgs) StdoutLine: {'line': b'-- Up-to-date: /home/test_ws/install/test_a_msgs/share/test_a_msgs/cmake/export_test_a_msgs__rosidl_generator_cExport.cmake\n'}
[0.280282] (test_a_msgs) StdoutLine: {'line': b'-- Up-to-date: /home/test_ws/install/test_a_msgs/share/test_a_msgs/cmake/export_test_a_msgs__rosidl_generator_cExport-noconfig.cmake\n'}
[0.280363] (test_a_msgs) StdoutLine: {'line': b'-- Up-to-date: /home/test_ws/install/test_a_msgs/share/test_a_msgs/cmake/export_test_a_msgs__rosidl_typesupport_fastrtps_cExport.cmake\n'}
[0.280444] (test_a_msgs) StdoutLine: {'line': b'-- Up-to-date: /home/test_ws/install/test_a_msgs/share/test_a_msgs/cmake/export_test_a_msgs__rosidl_typesupport_fastrtps_cExport-noconfig.cmake\n'}
[0.280525] (test_a_msgs) StdoutLine: {'line': b'-- Up-to-date: /home/test_ws/install/test_a_msgs/share/test_a_msgs/cmake/test_a_msgs__rosidl_typesupport_introspection_cExport.cmake\n'}
[0.280618] (test_a_msgs) StdoutLine: {'line': b'-- Up-to-date: /home/test_ws/install/test_a_msgs/share/test_a_msgs/cmake/test_a_msgs__rosidl_typesupport_introspection_cExport-noconfig.cmake\n'}
[0.280700] (test_a_msgs) StdoutLine: {'line': b'-- Up-to-date: /home/test_ws/install/test_a_msgs/share/test_a_msgs/cmake/test_a_msgs__rosidl_typesupport_cExport.cmake\n'}
[0.280780] (test_a_msgs) StdoutLine: {'line': b'-- Up-to-date: /home/test_ws/install/test_a_msgs/share/test_a_msgs/cmake/test_a_msgs__rosidl_typesupport_cExport-noconfig.cmake\n'}
[0.280860] (test_a_msgs) StdoutLine: {'line': b'-- Up-to-date: /home/test_ws/install/test_a_msgs/share/test_a_msgs/cmake/export_test_a_msgs__rosidl_generator_cppExport.cmake\n'}
[0.280940] (test_a_msgs) StdoutLine: {'line': b'-- Up-to-date: /home/test_ws/install/test_a_msgs/share/test_a_msgs/cmake/export_test_a_msgs__rosidl_typesupport_fastrtps_cppExport.cmake\n'}
[0.281020] (test_a_msgs) StdoutLine: {'line': b'-- Up-to-date: /home/test_ws/install/test_a_msgs/share/test_a_msgs/cmake/export_test_a_msgs__rosidl_typesupport_fastrtps_cppExport-noconfig.cmake\n'}
[0.281101] (test_a_msgs) StdoutLine: {'line': b'-- Up-to-date: /home/test_ws/install/test_a_msgs/share/test_a_msgs/cmake/test_a_msgs__rosidl_typesupport_introspection_cppExport.cmake\n'}
[0.281201] (test_a_msgs) StdoutLine: {'line': b'-- Up-to-date: /home/test_ws/install/test_a_msgs/share/test_a_msgs/cmake/test_a_msgs__rosidl_typesupport_introspection_cppExport-noconfig.cmake\n'}
[0.281285] (test_a_msgs) StdoutLine: {'line': b'-- Up-to-date: /home/test_ws/install/test_a_msgs/share/test_a_msgs/cmake/test_a_msgs__rosidl_typesupport_cppExport.cmake\n'}
[0.281367] (test_a_msgs) StdoutLine: {'line': b'-- Up-to-date: /home/test_ws/install/test_a_msgs/share/test_a_msgs/cmake/test_a_msgs__rosidl_typesupport_cppExport-noconfig.cmake\n'}
[0.281449] (test_a_msgs) StdoutLine: {'line': b'-- Up-to-date: /home/test_ws/install/test_a_msgs/share/test_a_msgs/cmake/export_test_a_msgs__rosidl_generator_pyExport.cmake\n'}
[0.281532] (test_a_msgs) StdoutLine: {'line': b'-- Up-to-date: /home/test_ws/install/test_a_msgs/share/test_a_msgs/cmake/export_test_a_msgs__rosidl_generator_pyExport-noconfig.cmake\n'}
[0.281612] (test_a_msgs) StdoutLine: {'line': b'-- Up-to-date: /home/test_ws/install/test_a_msgs/share/test_a_msgs/cmake/rosidl_cmake-extras.cmake\n'}
[0.281690] (test_a_msgs) StdoutLine: {'line': b'-- Up-to-date: /home/test_ws/install/test_a_msgs/share/test_a_msgs/cmake/ament_cmake_export_dependencies-extras.cmake\n'}
[0.281767] (test_a_msgs) StdoutLine: {'line': b'-- Up-to-date: /home/test_ws/install/test_a_msgs/share/test_a_msgs/cmake/ament_cmake_export_include_directories-extras.cmake\n'}
[0.281846] (test_a_msgs) StdoutLine: {'line': b'-- Up-to-date: /home/test_ws/install/test_a_msgs/share/test_a_msgs/cmake/ament_cmake_export_libraries-extras.cmake\n'}
[0.281925] (test_a_msgs) StdoutLine: {'line': b'-- Up-to-date: /home/test_ws/install/test_a_msgs/share/test_a_msgs/cmake/ament_cmake_export_targets-extras.cmake\n'}
[0.282003] (test_a_msgs) StdoutLine: {'line': b'-- Up-to-date: /home/test_ws/install/test_a_msgs/share/test_a_msgs/cmake/rosidl_cmake_export_typesupport_targets-extras.cmake\n'}
[0.282083] (test_a_msgs) StdoutLine: {'line': b'-- Up-to-date: /home/test_ws/install/test_a_msgs/share/test_a_msgs/cmake/rosidl_cmake_export_typesupport_libraries-extras.cmake\n'}
[0.282162] (test_a_msgs) StdoutLine: {'line': b'-- Up-to-date: /home/test_ws/install/test_a_msgs/share/test_a_msgs/cmake/test_a_msgsConfig.cmake\n'}
[0.282240] (test_a_msgs) StdoutLine: {'line': b'-- Up-to-date: /home/test_ws/install/test_a_msgs/share/test_a_msgs/cmake/test_a_msgsConfig-version.cmake\n'}
[0.282318] (test_a_msgs) StdoutLine: {'line': b'-- Up-to-date: /home/test_ws/install/test_a_msgs/share/test_a_msgs/package.xml\n'}
[0.282945] (test_a_msgs) CommandEnded: {'returncode': 0}
[0.300150] (-) TimerEvent: {}
[0.332641] (test_a_msgs) JobEnded: {'identifier': 'test_a_msgs', 'rc': 0}
[0.333619] (test_pkg) JobStarted: {'identifier': 'test_pkg'}
[0.338521] (test_pkg) JobProgress: {'identifier': 'test_pkg', 'progress': 'cmake'}
[0.338947] (test_pkg) JobProgress: {'identifier': 'test_pkg', 'progress': 'build'}
[0.339121] (test_pkg) Command: {'cmd': ['/usr/bin/cmake', '--build', '/home/test_ws/build/test_pkg', '--', '-j12', '-l12'], 'cwd': '/home/test_ws/build/test_pkg', 'env': OrderedDict([('LESSOPEN', '| /usr/bin/lesspipe %s'), ('HOSTNAME', 'mochi'), ('SHLVL', '1'), ('LD_LIBRARY_PATH', '/home/test_ws/install/test_a_msgs/lib:/opt/ros/humble/lib/x86_64-linux-gnu:/opt/ros/humble/lib'), ('HOME', '/root'), ('OLDPWD', '/home/test_ws/src/test_pkg'), ('ROS_PYTHON_VERSION', '3'), ('LC_CTYPE', 'C.UTF-8'), ('ROS_DISTRO', 'humble'), ('_', '/usr/bin/colcon'), ('ROS_VERSION', '2'), ('TERM', 'xterm'), ('ROS_LOCALHOST_ONLY', '0'), ('QT_X11_NO_MITSHM', '1'), ('PATH', '/opt/ros/humble/bin:/usr/local/sbin:/usr/local/bin:/usr/sbin:/usr/bin:/sbin:/bin'), ('DISPLAY', ':1'), ('LS_COLORS', 'rs=0:di=01;34:ln=01;36:mh=00:pi=40;33:so=01;35:do=01;35:bd=40;33;01:cd=40;33;01:or=40;31;01:mi=00:su=37;41:sg=30;43:ca=30;41:tw=30;42:ow=34;42:st=37;44:ex=01;32:*.tar=01;31:*.tgz=01;31:*.arc=01;31:*.arj=01;31:*.taz=01;31:*.lha=01;31:*.lz4=01;31:*.lzh=01;31:*.lzma=01;31:*.tlz=01;31:*.txz=01;31:*.tzo=01;31:*.t7z=01;31:*.zip=01;31:*.z=01;31:*.dz=01;31:*.gz=01;31:*.lrz=01;31:*.lz=01;31:*.lzo=01;31:*.xz=01;31:*.zst=01;31:*.tzst=01;31:*.bz2=01;31:*.bz=01;31:*.tbz=01;31:*.tbz2=01;31:*.tz=01;31:*.deb=01;31:*.rpm=01;31:*.jar=01;31:*.war=01;31:*.ear=01;31:*.sar=01;31:*.rar=01;31:*.alz=01;31:*.ace=01;31:*.zoo=01;31:*.cpio=01;31:*.7z=01;31:*.rz=01;31:*.cab=01;31:*.wim=01;31:*.swm=01;31:*.dwm=01;31:*.esd=01;31:*.jpg=01;35:*.jpeg=01;35:*.mjpg=01;35:*.mjpeg=01;35:*.gif=01;35:*.bmp=01;35:*.pbm=01;35:*.pgm=01;35:*.ppm=01;35:*.tga=01;35:*.xbm=01;35:*.xpm=01;35:*.tif=01;35:*.tiff=01;35:*.png=01;35:*.svg=01;35:*.svgz=01;35:*.mng=01;35:*.pcx=01;35:*.mov=01;35:*.mpg=01;35:*.mpeg=01;35:*.m2v=01;35:*.mkv=01;35:*.webm=01;35:*.webp=01;35:*.ogm=01;35:*.mp4=01;35:*.m4v=01;35:*.mp4v=01;35:*.vob=01;35:*.qt=01;35:*.nuv=01;35:*.wmv=01;35:*.asf=01;35:*.rm=01;35:*.rmvb=01;35:*.flc=01;35:*.avi=01;35:*.fli=01;35:*.flv=01;35:*.gl=01;35:*.dl=01;35:*.xcf=01;35:*.xwd=01;35:*.yuv=01;35:*.cgm=01;35:*.emf=01;35:*.ogv=01;35:*.ogx=01;35:*.aac=00;36:*.au=00;36:*.flac=00;36:*.m4a=00;36:*.mid=00;36:*.midi=00;36:*.mka=00;36:*.mp3=00;36:*.mpc=00;36:*.ogg=00;36:*.ra=00;36:*.wav=00;36:*.oga=00;36:*.opus=00;36:*.spx=00;36:*.xspf=00;36:'), ('AMENT_PREFIX_PATH', '/home/test_ws/install/test_a_msgs:/opt/ros/humble'), ('LESSCLOSE', '/usr/bin/lesspipe %s %s'), ('PWD', '/home/test_ws/build/test_pkg'), ('PYTHONPATH', '/home/test_ws/install/test_a_msgs/local/lib/python3.10/dist-packages:/opt/ros/humble/lib/python3.10/site-packages:/opt/ros/humble/local/lib/python3.10/dist-packages'), ('TZ', 'America/Los_Angeles'), ('COLCON', '1'), ('CMAKE_PREFIX_PATH', '/home/test_ws/install/test_a_msgs:/opt/ros/humble')]), 'shell': False}
[0.374379] (test_pkg) StdoutLine: {'line': b'\x1b[35m\x1b[1mConsolidate compiler generated dependencies of target test_node\x1b[0m\n'}
[0.388147] (test_pkg) StdoutLine: {'line': b'[ 50%] \x1b[32mBuilding CXX object CMakeFiles/test_node.dir/src/test_node.cpp.o\x1b[0m\n'}
[0.400340] (-) TimerEvent: {}
[0.500612] (-) TimerEvent: {}
[0.600907] (-) TimerEvent: {}
[0.701206] (-) TimerEvent: {}
[0.801505] (-) TimerEvent: {}
[0.901778] (-) TimerEvent: {}
[1.002062] (-) TimerEvent: {}
[1.102366] (-) TimerEvent: {}
[1.202668] (-) TimerEvent: {}
[1.302957] (-) TimerEvent: {}
[1.403278] (-) TimerEvent: {}
[1.503563] (-) TimerEvent: {}
[1.603852] (-) TimerEvent: {}
[1.704246] (-) TimerEvent: {}
[1.804615] (-) TimerEvent: {}
[1.881862] (test_pkg) StderrLine: {'line': b'\x1b[01m\x1b[K/home/test_ws/src/test_pkg/src/test_node.cpp:15:23:\x1b[m\x1b[K \x1b[01;31m\x1b[Kerror: \x1b[m\x1b[K\xe2\x80\x98\x1b[01m\x1b[Ktest_a_msgs\x1b[m\x1b[K\xe2\x80\x99 was not declared in this scope\n'}
[1.882117] (test_pkg) StderrLine: {'line': b'   15 |     rclcpp::Publisher<\x1b[01;31m\x1b[Ktest_a_msgs\x1b[m\x1b[K::msg::Test>::SharedPtr pub_;\n'}
[1.882214] (test_pkg) StderrLine: {'line': b'      |                       \x1b[01;31m\x1b[K^~~~~~~~~~~\x1b[m\x1b[K\n'}
[1.882301] (test_pkg) StderrLine: {'line': b'\x1b[01m\x1b[K/home/test_ws/src/test_pkg/src/test_node.cpp:15:45:\x1b[m\x1b[K \x1b[01;31m\x1b[Kerror: \x1b[m\x1b[Ktemplate argument 1 is invalid\n'}
[1.882387] (test_pkg) StderrLine: {'line': b'   15 |     rclcpp::Publisher<test_a_msgs::msg::Test\x1b[01;31m\x1b[K>\x1b[m\x1b[K::SharedPtr pub_;\n'}
[1.882472] (test_pkg) StderrLine: {'line': b'      |                                             \x1b[01;31m\x1b[K^\x1b[m\x1b[K\n'}
[1.882554] (test_pkg) StderrLine: {'line': b'\x1b[01m\x1b[K/home/test_ws/src/test_pkg/src/test_node.cpp:15:48:\x1b[m\x1b[K \x1b[01;31m\x1b[Kerror: \x1b[m\x1b[Kexpected \xe2\x80\x98\x1b[01m\x1b[K;\x1b[m\x1b[K\xe2\x80\x99 at end of member declaration\n'}
[1.882758] (test_pkg) StderrLine: {'line': b'   15 |     rclcpp::Publisher<test_a_msgs::msg::Test>::\x1b[01;31m\x1b[KSharedPtr\x1b[m\x1b[K pub_;\n'}
[1.882865] (test_pkg) StderrLine: {'line': b'      |                                                \x1b[01;31m\x1b[K^~~~~~~~~\x1b[m\x1b[K\n'}
[1.882956] (test_pkg) StderrLine: {'line': b'      |                                                         \x1b[32m\x1b[K;\x1b[m\x1b[K\n'}
[1.883118] (test_pkg) StderrLine: {'line': b'\x1b[01m\x1b[K/home/test_ws/src/test_pkg/src/test_node.cpp:15:58:\x1b[m\x1b[K \x1b[01;31m\x1b[Kerror: \x1b[m\x1b[K\xe2\x80\x98\x1b[01m\x1b[Kpub_\x1b[m\x1b[K\xe2\x80\x99 does not name a type\n'}
[1.883203] (test_pkg) StderrLine: {'line': b'   15 |     rclcpp::Publisher<test_a_msgs::msg::Test>::SharedPtr \x1b[01;31m\x1b[Kpub_\x1b[m\x1b[K;\n'}
[1.883287] (test_pkg) StderrLine: {'line': b'      |                                                          \x1b[01;31m\x1b[K^~~~\x1b[m\x1b[K\n'}
[1.886032] (test_pkg) StderrLine: {'line': b'\x1b[01m\x1b[K/home/test_ws/src/test_pkg/src/test_node.cpp:\x1b[m\x1b[K In constructor \xe2\x80\x98\x1b[01m\x1b[KTestNode::TestNode()\x1b[m\x1b[K\xe2\x80\x99:\n'}
[1.886166] (test_pkg) StderrLine: {'line': b'\x1b[01m\x1b[K/home/test_ws/src/test_pkg/src/test_node.cpp:7:9:\x1b[m\x1b[K \x1b[01;31m\x1b[Kerror: \x1b[m\x1b[K\xe2\x80\x98\x1b[01m\x1b[Kpub_\x1b[m\x1b[K\xe2\x80\x99 was not declared in this scope\n'}
[1.886257] (test_pkg) StderrLine: {'line': b'    7 |         \x1b[01;31m\x1b[Kpub_\x1b[m\x1b[K = this->create_publisher<test_a_msgs::msg::Test>("test_topic", 10);\n'}
[1.886341] (test_pkg) StderrLine: {'line': b'      |         \x1b[01;31m\x1b[K^~~~\x1b[m\x1b[K\n'}
[1.890613] (test_pkg) StderrLine: {'line': b'\x1b[01m\x1b[K/home/test_ws/src/test_pkg/src/test_node.cpp:7:39:\x1b[m\x1b[K \x1b[01;31m\x1b[Kerror: \x1b[m\x1b[K\xe2\x80\x98\x1b[01m\x1b[Ktest_a_msgs\x1b[m\x1b[K\xe2\x80\x99 was not declared in this scope\n'}
[1.890898] (test_pkg) StderrLine: {'line': b'    7 |         pub_ = this->create_publisher<\x1b[01;31m\x1b[Ktest_a_msgs\x1b[m\x1b[K::msg::Test>("test_topic", 10);\n'}
[1.890988] (test_pkg) StderrLine: {'line': b'      |                                       \x1b[01;31m\x1b[K^~~~~~~~~~~\x1b[m\x1b[K\n'}
[1.891069] (test_pkg) StderrLine: {'line': b'\x1b[01m\x1b[K/home/test_ws/src/test_pkg/src/test_node.cpp:7:22:\x1b[m\x1b[K \x1b[01;31m\x1b[Kerror: \x1b[m\x1b[Kparse error in template argument list\n'}
[1.891147] (test_pkg) StderrLine: {'line': b'    7 |         pub_ = this->\x1b[01;31m\x1b[Kcreate_publisher<test_a_msgs::msg::Test>\x1b[m\x1b[K("test_topic", 10);\n'}
[1.891224] (test_pkg) StderrLine: {'line': b'      |                      \x1b[01;31m\x1b[K^~~~~~~~~~~~~~~~~~~~~~~~~~~~~~~~~~~~~~~~\x1b[m\x1b[K\n'}
[1.891300] (test_pkg) StderrLine: {'line': b'\x1b[01m\x1b[K/home/test_ws/src/test_pkg/src/test_node.cpp:7:62:\x1b[m\x1b[K \x1b[01;31m\x1b[Kerror: \x1b[m\x1b[Kno matching function for call to \xe2\x80\x98\x1b[01m\x1b[KTestNode::create_publisher<<expression error> >(const char [11], int)\x1b[m\x1b[K\xe2\x80\x99\n'}
[1.891377] (test_pkg) StderrLine: {'line': b'    7 |         pub_ = \x1b[01;31m\x1b[Kthis->create_publisher<test_a_msgs::msg::Test>("test_topic", 10)\x1b[m\x1b[K;\n'}
[1.891452] (test_pkg) StderrLine: {'line': b'      |                \x1b[01;31m\x1b[K~~~~~~~~~~~~~~~~~~~~~~~~~~~~~~~~~~~~~~~~~~~~~~^~~~~~~~~~~~~~~~~~\x1b[m\x1b[K\n'}
[1.891528] (test_pkg) StderrLine: {'line': b'In file included from \x1b[01m\x1b[K/opt/ros/humble/include/rclcpp/rclcpp/executors/single_threaded_executor.hpp:28\x1b[m\x1b[K,\n'}
[1.891604] (test_pkg) StderrLine: {'line': b'                 from \x1b[01m\x1b[K/opt/ros/humble/include/rclcpp/rclcpp/executors.hpp:22\x1b[m\x1b[K,\n'}
[1.891678] (test_pkg) StderrLine: {'line': b'                 from \x1b[01m\x1b[K/opt/ros/humble/include/rclcpp/rclcpp/rclcpp.hpp:155\x1b[m\x1b[K,\n'}
[1.891754] (test_pkg) StderrLine: {'line': b'                 from \x1b[01m\x1b[K/home/test_ws/src/test_pkg/src/test_node.cpp:1\x1b[m\x1b[K:\n'}
[1.891828] (test_pkg) StderrLine: {'line': b'\x1b[01m\x1b[K/opt/ros/humble/include/rclcpp/rclcpp/node.hpp:195:3:\x1b[m\x1b[K \x1b[01;36m\x1b[Knote: \x1b[m\x1b[Kcandidate: \xe2\x80\x98\x1b[01m\x1b[Ktemplate<class MessageT, class AllocatorT, class PublisherT> std::shared_ptr<PublisherT> rclcpp::Node::create_publisher(const string&, const rclcpp::QoS&, const rclcpp::PublisherOptionsWithAllocator<AllocatorT>&)\x1b[m\x1b[K\xe2\x80\x99\n'}
[1.891924] (test_pkg) StderrLine: {'line': b'  195 |   \x1b[01;36m\x1b[Kcreate_publisher\x1b[m\x1b[K(\n'}
[1.892006] (test_pkg) StderrLine: {'line': b'      |   \x1b[01;36m\x1b[K^~~~~~~~~~~~~~~~\x1b[m\x1b[K\n'}
[1.892082] (test_pkg) StderrLine: {'line': b'\x1b[01m\x1b[K/opt/ros/humble/include/rclcpp/rclcpp/node.hpp:195:3:\x1b[m\x1b[K \x1b[01;36m\x1b[Knote: \x1b[m\x1b[K  template argument deduction/substitution failed:\n'}
[1.892158] (test_pkg) StderrLine: {'line': b'\x1b[01m\x1b[K/home/test_ws/src/test_pkg/src/test_node.cpp:7:62:\x1b[m\x1b[K \x1b[01;31m\x1b[Kerror: \x1b[m\x1b[Ktemplate argument 1 is invalid\n'}
[1.892232] (test_pkg) StderrLine: {'line': b'    7 |         pub_ = \x1b[01;31m\x1b[Kthis->create_publisher<test_a_msgs::msg::Test>("test_topic", 10)\x1b[m\x1b[K;\n'}
[1.892315] (test_pkg) StderrLine: {'line': b'      |                \x1b[01;31m\x1b[K~~~~~~~~~~~~~~~~~~~~~~~~~~~~~~~~~~~~~~~~~~~~~~^~~~~~~~~~~~~~~~~~\x1b[m\x1b[K\n'}
[1.892391] (test_pkg) StderrLine: {'line': b'\x1b[01m\x1b[K/home/test_ws/src/test_pkg/src/test_node.cpp:\x1b[m\x1b[K In lambda function:\n'}
[1.892472] (test_pkg) StderrLine: {'line': b'\x1b[01m\x1b[K/home/test_ws/src/test_pkg/src/test_node.cpp:9:24:\x1b[m\x1b[K \x1b[01;31m\x1b[Kerror: \x1b[m\x1b[K\xe2\x80\x98\x1b[01m\x1b[Ktest_a_msgs\x1b[m\x1b[K\xe2\x80\x99 is not a class, namespace, or enumeration\n'}
[1.892548] (test_pkg) StderrLine: {'line': b'    9 |             auto msg = \x1b[01;31m\x1b[Ktest_a_msgs\x1b[m\x1b[K::msg::Test();\n'}
[1.892634] (test_pkg) StderrLine: {'line': b'      |                        \x1b[01;31m\x1b[K^~~~~~~~~~~\x1b[m\x1b[K\n'}
[1.892710] (test_pkg) StderrLine: {'line': b'\x1b[01m\x1b[K/home/test_ws/src/test_pkg/src/test_node.cpp:11:13:\x1b[m\x1b[K \x1b[01;31m\x1b[Kerror: \x1b[m\x1b[K\xe2\x80\x98\x1b[01m\x1b[Kpub_\x1b[m\x1b[K\xe2\x80\x99 is not captured\n'}
[1.892785] (test_pkg) StderrLine: {'line': b'   11 |             \x1b[01;31m\x1b[Kpub_\x1b[m\x1b[K->publish(msg);\n'}
[1.892861] (test_pkg) StderrLine: {'line': b'      |             \x1b[01;31m\x1b[K^~~~\x1b[m\x1b[K\n'}
[1.892935] (test_pkg) StderrLine: {'line': b'\x1b[01m\x1b[K/home/test_ws/src/test_pkg/src/test_node.cpp:8:76:\x1b[m\x1b[K \x1b[01;36m\x1b[Knote: \x1b[m\x1b[Kthe lambda has no capture-default\n'}
[1.893010] (test_pkg) StderrLine: {'line': b'    8 |         auto timer = this->create_wall_timer(std::chrono::seconds(1), [this\x1b[01;36m\x1b[K]\x1b[m\x1b[K() {\n'}
[1.893087] (test_pkg) StderrLine: {'line': b'      |                                                                            \x1b[01;36m\x1b[K^\x1b[m\x1b[K\n'}
[1.893162] (test_pkg) StderrLine: {'line': b'\x1b[01m\x1b[K/home/test_ws/src/test_pkg/src/test_node.cpp:7:9:\x1b[m\x1b[K \x1b[01;36m\x1b[Knote: \x1b[m\x1b[K\xe2\x80\x98\x1b[01m\x1b[K<typeprefixerror>pub_\x1b[m\x1b[K\xe2\x80\x99 declared here\n'}
[1.893239] (test_pkg) StderrLine: {'line': b'    7 |         \x1b[01;36m\x1b[Kpub_\x1b[m\x1b[K = this->create_publisher<test_a_msgs::msg::Test>("test_topic", 10);\n'}
[1.893314] (test_pkg) StderrLine: {'line': b'      |         \x1b[01;36m\x1b[K^~~~\x1b[m\x1b[K\n'}
[1.904673] (-) TimerEvent: {}
[2.005062] (-) TimerEvent: {}
[2.105405] (-) TimerEvent: {}
[2.188414] (test_pkg) StderrLine: {'line': b'gmake[2]: *** [CMakeFiles/test_node.dir/build.make:76: CMakeFiles/test_node.dir/src/test_node.cpp.o] Error 1\n'}
[2.188639] (test_pkg) StderrLine: {'line': b'gmake[1]: *** [CMakeFiles/Makefile2:137: CMakeFiles/test_node.dir/all] Error 2\n'}
[2.188736] (test_pkg) StderrLine: {'line': b'gmake: *** [Makefile:146: all] Error 2\n'}
[2.191373] (test_pkg) CommandEnded: {'returncode': 2}
[2.205915] (-) TimerEvent: {}
[2.207210] (test_pkg) JobEnded: {'identifier': 'test_pkg', 'rc': 2}
[2.217999] (-) EventReactorShutdown: {}
