[0.007s] Invoking command in '/home/test_ws/build/test_pkg': AMENT_PREFIX_PATH=/home/test_ws/install/test_a_msgs:${AMENT_PREFIX_PATH} CMAKE_PREFIX_PATH=/home/test_ws/install/test_a_msgs:/opt/ros/humble LD_LIBRARY_PATH=/home/test_ws/install/test_a_msgs/lib:${LD_LIBRARY_PATH} PYTHONPATH=/home/test_ws/install/test_a_msgs/local/lib/python3.10/dist-packages:${PYTHONPATH} /usr/bin/cmake --build /home/test_ws/build/test_pkg -- -j12 -l12
[0.041s] [ 50%] [32mBuilding CXX object CMakeFiles/test_node.dir/src/test_node.cpp.o[0m
[1.551s] [01m[K/home/test_ws/src/test_pkg/src/test_node.cpp:9:2:[m[K [01;31m[Kerror: [m[Kexpected â€˜[01m[K;[m[Kâ€™ after class definition
[1.551s]     9 | }
[1.551s]       |  [01;31m[K^[m[K
[1.551s]       |  [32m[K;[m[K
[1.861s] gmake[2]: *** [CMakeFiles/test_node.dir/build.make:76: CMakeFiles/test_node.dir/src/test_node.cpp.o] Error 1
[1.861s] gmake[1]: *** [CMakeFiles/Makefile2:137: CMakeFiles/test_node.dir/all] Error 2
[1.861s] gmake: *** [Makefile:146: all] Error 2
[1.864s] Invoked command in '/home/test_ws/build/test_pkg' returned '2': AMENT_PREFIX_PATH=/home/test_ws/install/test_a_msgs:${AMENT_PREFIX_PATH} CMAKE_PREFIX_PATH=/home/test_ws/install/test_a_msgs:/opt/ros/humble LD_LIBRARY_PATH=/home/test_ws/install/test_a_msgs/lib:${LD_LIBRARY_PATH} PYTHONPATH=/home/test_ws/install/test_a_msgs/local/lib/python3.10/dist-packages:${PYTHONPATH} /usr/bin/cmake --build /home/test_ws/build/test_pkg -- -j12 -l12
