[0.005s] Invoking command in '/home/test_ws/build/test_pkg': AMENT_PREFIX_PATH=/home/test_ws/install/test_a_msgs:${AMENT_PREFIX_PATH} CMAKE_PREFIX_PATH=/home/test_ws/install/test_a_msgs:/opt/ros/humble LD_LIBRARY_PATH=/home/test_ws/install/test_a_msgs/lib:${LD_LIBRARY_PATH} PYTHONPATH=/home/test_ws/install/test_a_msgs/local/lib/python3.10/dist-packages:${PYTHONPATH} /usr/bin/cmake --build /home/test_ws/build/test_pkg -- -j12 -l12
[0.024s] -- Found ament_cmake: 1.3.9 (/opt/ros/humble/share/ament_cmake/cmake)
[0.111s] -- Found rclcpp: 16.0.9 (/opt/ros/humble/share/rclcpp/cmake)
[0.135s] -- Found rosidl_generator_c: 3.1.5 (/opt/ros/humble/share/rosidl_generator_c/cmake)
[0.136s] -- Found rosidl_adapter: 3.1.5 (/opt/ros/humble/share/rosidl_adapter/cmake)
[0.141s] -- Found rosidl_generator_cpp: 3.1.5 (/opt/ros/humble/share/rosidl_generator_cpp/cmake)
[0.149s] -- Using all available rosidl_typesupport_c: rosidl_typesupport_fastrtps_c;rosidl_typesupport_introspection_c
[0.159s] -- Using all available rosidl_typesupport_cpp: rosidl_typesupport_fastrtps_cpp;rosidl_typesupport_introspection_cpp
[0.204s] -- Found rmw_implementation_cmake: 6.1.2 (/opt/ros/humble/share/rmw_implementation_cmake/cmake)
[0.206s] -- Found rmw_fastrtps_cpp: 6.2.6 (/opt/ros/humble/share/rmw_fastrtps_cpp/cmake)
[0.266s] -- Found OpenSSL: /usr/lib/x86_64-linux-gnu/libcrypto.so (found version "3.0.2")  
[0.285s] -- Found FastRTPS: /opt/ros/humble/include  
[0.314s] -- Using RMW implementation 'rmw_fastrtps_cpp' as default
[0.321s] -- Looking for pthread.h
[0.370s] -- Looking for pthread.h - found
[0.370s] -- Performing Test CMAKE_HAVE_LIBC_PTHREAD
[0.422s] -- Performing Test CMAKE_HAVE_LIBC_PTHREAD - Success
[0.423s] -- Found Threads: TRUE  
[0.542s] -- Found test_a_msgs: 0.0.1 (/home/test_ws/install/test_a_msgs/share/test_a_msgs/cmake)
[0.617s] -- Configuring done
[0.621s] -- Generating done
[0.622s] -- Build files have been written to: /home/test_ws/build/test_pkg
[0.643s] [ 50%] [32mBuilding CXX object CMakeFiles/test_node.dir/src/test_node.cpp.o[0m
[0.648s] [01m[K/home/test_ws/src/test_pkg/src/test_node.cpp:1:10:[m[K [01;31m[Kfatal error: [m[Krclcpp/rclcpp.hpp: No such file or directory
[0.648s]     1 | #include [01;31m[K<rclcpp/rclcpp.hpp>[m[K
[0.649s]       |          [01;31m[K^~~~~~~~~~~~~~~~~~~[m[K
[0.649s] compilation terminated.
[0.649s] gmake[2]: *** [CMakeFiles/test_node.dir/build.make:76: CMakeFiles/test_node.dir/src/test_node.cpp.o] Error 1
[0.649s] gmake[1]: *** [CMakeFiles/Makefile2:137: CMakeFiles/test_node.dir/all] Error 2
[0.649s] gmake: *** [Makefile:146: all] Error 2
[0.651s] Invoked command in '/home/test_ws/build/test_pkg' returned '2': AMENT_PREFIX_PATH=/home/test_ws/install/test_a_msgs:${AMENT_PREFIX_PATH} CMAKE_PREFIX_PATH=/home/test_ws/install/test_a_msgs:/opt/ros/humble LD_LIBRARY_PATH=/home/test_ws/install/test_a_msgs/lib:${LD_LIBRARY_PATH} PYTHONPATH=/home/test_ws/install/test_a_msgs/local/lib/python3.10/dist-packages:${PYTHONPATH} /usr/bin/cmake --build /home/test_ws/build/test_pkg -- -j12 -l12
