[01m[K/home/test_ws/src/test_pkg/src/test_node.cpp:2:10:[m[K [01;31m[Kfatal error: [m[Krclcpp_lifecycle/lifecycle_node.hpp: No such file or directory
    2 | #include [01;31m[K"rclcpp_lifecycle/lifecycle_node.hpp"[m[K
      |          [01;31m[K^~~~~~~~~~~~~~~~~~~~~~~~~~~~~~~~~~~~~[m[K
compilation terminated.
gmake[2]: *** [CMakeFiles/test_node.dir/build.make:76: CMakeFiles/test_node.dir/src/test_node.cpp.o] Error 1
gmake[1]: *** [CMakeFiles/Makefile2:137: CMakeFiles/test_node.dir/all] Error 2
gmake: *** [Makefile:146: all] Error 2
