[0.005s] Invoking command in '/home/test_ws/build/test_pkg': AMENT_PREFIX_PATH=/home/test_ws/install/test_a_msgs:${AMENT_PREFIX_PATH} CMAKE_PREFIX_PATH=/home/test_ws/install/test_a_msgs:/opt/ros/humble LD_LIBRARY_PATH=/home/test_ws/install/test_a_msgs/lib:${LD_LIBRARY_PATH} PYTHONPATH=/home/test_ws/install/test_a_msgs/local/lib/python3.10/dist-packages:${PYTHONPATH} /usr/bin/cmake --build /home/test_ws/build/test_pkg -- -j12 -l12
[0.032s] -- Found ament_cmake: 1.3.9 (/opt/ros/humble/share/ament_cmake/cmake)
[0.151s] -- Found rclcpp: 16.0.9 (/opt/ros/humble/share/rclcpp/cmake)
[0.186s] -- Found rosidl_generator_c: 3.1.5 (/opt/ros/humble/share/rosidl_generator_c/cmake)
[0.189s] -- Found rosidl_adapter: 3.1.5 (/opt/ros/humble/share/rosidl_adapter/cmake)
[0.194s] -- Found rosidl_generator_cpp: 3.1.5 (/opt/ros/humble/share/rosidl_generator_cpp/cmake)
[0.203s] -- Using all available rosidl_typesupport_c: rosidl_typesupport_fastrtps_c;rosidl_typesupport_introspection_c
[0.214s] -- Using all available rosidl_typesupport_cpp: rosidl_typesupport_fastrtps_cpp;rosidl_typesupport_introspection_cpp
[0.254s] -- Found rmw_implementation_cmake: 6.1.2 (/opt/ros/humble/share/rmw_implementation_cmake/cmake)
[0.254s] -- Found rmw_fastrtps_cpp: 6.2.6 (/opt/ros/humble/share/rmw_fastrtps_cpp/cmake)
[0.321s] -- Using RMW implementation 'rmw_fastrtps_cpp' as default
[0.426s] -- Found test_a_msgs: 0.0.1 (/home/test_ws/install/test_a_msgs/share/test_a_msgs/cmake)
[0.510s] -- Configuring done
[0.521s] -- Generating done
[0.523s] -- Build files have been written to: /home/test_ws/build/test_pkg
[0.547s] [ 50%] [32mBuilding CXX object CMakeFiles/test_node.dir/src/test_node.cpp.o[0m
[0.699s] [01m[K/home/test_ws/src/test_pkg/src/test_node.cpp:2:10:[m[K [01;31m[Kfatal error: [m[Krclcpp_lifecycle/lifecycle_node.hpp: No such file or directory
[0.699s]     2 | #include [01;31m[K"rclcpp_lifecycle/lifecycle_node.hpp"[m[K
[0.699s]       |          [01;31m[K^~~~~~~~~~~~~~~~~~~~~~~~~~~~~~~~~~~~~[m[K
[0.699s] compilation terminated.
[0.700s] gmake[2]: *** [CMakeFiles/test_node.dir/build.make:76: CMakeFiles/test_node.dir/src/test_node.cpp.o] Error 1
[0.700s] gmake[1]: *** [CMakeFiles/Makefile2:137: CMakeFiles/test_node.dir/all] Error 2
[0.701s] gmake: *** [Makefile:146: all] Error 2
[0.703s] Invoked command in '/home/test_ws/build/test_pkg' returned '2': AMENT_PREFIX_PATH=/home/test_ws/install/test_a_msgs:${AMENT_PREFIX_PATH} CMAKE_PREFIX_PATH=/home/test_ws/install/test_a_msgs:/opt/ros/humble LD_LIBRARY_PATH=/home/test_ws/install/test_a_msgs/lib:${LD_LIBRARY_PATH} PYTHONPATH=/home/test_ws/install/test_a_msgs/local/lib/python3.10/dist-packages:${PYTHONPATH} /usr/bin/cmake --build /home/test_ws/build/test_pkg -- -j12 -l12
